I171204 22:30:30.611233 1 util/log/clog.go:992  [config] file created at: 2017/12/04 22:30:30
I171204 22:30:30.611233 1 util/log/clog.go:992  [config] running on machine: f3722e8adf37
I171204 22:30:30.611233 1 util/log/clog.go:992  [config] binary: CockroachDB CCL v1.1.3 (linux amd64, built 2017/11/27 13:59:10, go1.8.3)
I171204 22:30:30.611233 1 util/log/clog.go:992  [config] arguments: [/cockroach/cockroach start --insecure --join=roach1]
I171204 22:30:30.611233 1 util/log/clog.go:992  line format: [IWEF]yymmdd hh:mm:ss.uuuuuu goid file:line msg utf8=✓
W171204 22:30:30.611233 1 cli/start.go:777  RUNNING IN INSECURE MODE!

- Your cluster is open for any client that can access <all your IP addresses>.
- Any user, even root, can log in without providing a password.
- Any user, connecting as root, can read or write any data in your cluster.
- There is no network encryption nor authentication, and thus no confidentiality.

Check out how to secure your cluster: https://www.cockroachlabs.com/docs/stable/secure-a-cluster.html
I171204 22:30:30.611478 1 server/config.go:312  available memory from cgroups (8.0 EiB) exceeds system memory 7.7 GiB, using system memory
W171204 22:30:30.611489 1 cli/start.go:697  Using the default setting for --cache (128 MiB).
  A significantly larger value is usually needed for good performance.
  If you have a dedicated server a reasonable setting is --cache=25% (1.9 GiB).
I171204 22:30:30.611522 1 cli/start.go:785  CockroachDB CCL v1.1.3 (linux amd64, built 2017/11/27 13:59:10, go1.8.3)
I171204 22:30:30.711966 1 server/config.go:312  available memory from cgroups (8.0 EiB) exceeds system memory 7.7 GiB, using system memory
I171204 22:30:30.711987 1 server/config.go:425  system total memory: 7.7 GiB
I171204 22:30:30.712042 1 server/config.go:427  server configuration:
max offset                500000000
cache size                128 MiB
SQL memory pool size      128 MiB
scan interval             10m0s
scan max idle time        200ms
metrics sample interval   10s
event log enabled         true
linearizable              false
I171204 22:30:30.712139 37 cli/start.go:503  starting cockroach node
I171204 22:30:30.713082 37 storage/engine/rocksdb.go:406  opening rocksdb instance at "/cockroach/cockroach-data/local"
W171204 22:30:30.803778 37 gossip/gossip.go:1241  [n?] no incoming or outgoing connections
I171204 22:30:30.803863 37 storage/engine/rocksdb.go:406  opening rocksdb instance at "/cockroach/cockroach-data"
I171204 22:30:30.805292 66 gossip/client.go:129  [n?] started gossip client to roach1:26257
I171204 22:30:30.877975 37 server/config.go:528  [n?] 1 storage engine initialized
I171204 22:30:30.877998 37 server/config.go:530  [n?] RocksDB cache size: 128 MiB
I171204 22:30:30.878012 37 server/config.go:530  [n?] store 0: RocksDB, max size 0 B, max open file limit 1043576
I171204 22:30:30.878187 37 server/server.go:838  [n?] no stores bootstrapped and --join flag specified, awaiting init command.
I171204 22:30:30.878576 37 storage/stores.go:303  [n?] read 0 node addresses from persistent storage
I171204 22:30:30.878669 37 storage/stores.go:322  [n?] wrote 2 node addresses to persistent storage
I171204 22:30:30.878693 37 server/node.go:606  [n?] connecting to gossip network to verify cluster ID...
I171204 22:30:30.878745 37 server/node.go:631  [n?] node connected via gossip and verified as part of cluster "be9043e5-a548-4755-8b63-b17b8e28f87c"
I171204 22:30:30.881484 37 kv/dist_sender.go:350  [n?] unable to determine this node's attributes for replica selection; node is most likely bootstrapping
I171204 22:30:30.890583 37 server/node.go:319  [n?] new node allocated ID 3
I171204 22:30:30.890778 37 gossip/gossip.go:327  [n3] NodeDescriptor set to node_id:3 address:<network_field:"tcp" address_field:"f3722e8adf37:26257" > attrs:<> locality:<> ServerVersion:<major_val:1 minor_val:1 patch:0 unstable:0 > 
I171204 22:30:30.890871 37 server/node.go:389  [n3] node=3: asynchronously bootstrapping engine(s) [<no-attributes>=/cockroach/cockroach-data]
I171204 22:30:30.890922 37 server/node.go:403  [n3] node=3: started with [] engine(s) and attributes []
I171204 22:30:30.891156 37 sql/executor.go:408  [n3] creating distSQLPlanner with address {tcp f3722e8adf37:26257}
I171204 22:30:30.896447 37 server/server.go:946  [n3] starting http server at f3722e8adf37:8080
I171204 22:30:30.896467 37 server/server.go:947  [n3] starting grpc/postgres server at f3722e8adf37:26257
I171204 22:30:30.896485 37 server/server.go:948  [n3] advertising CockroachDB node at f3722e8adf37:26257
W171204 22:30:30.896519 37 sql/jobs/registry.go:156  [n3] unable to get node liveness: node not in the liveness table
I171204 22:30:30.897390 37 server/server.go:1090  [n3] done ensuring all necessary migrations have run
I171204 22:30:30.897417 37 server/server.go:1092  [n3] serving sql connections
I171204 22:30:30.897515 37 cli/start.go:582  node startup completed:
CockroachDB node starting at 2017-12-04 22:30:30.897439802 +0000 UTC (took 0.3s)
build:      CCL v1.1.3 @ 2017/11/27 13:59:10 (go1.8.3)
admin:      http://f3722e8adf37:8080
sql:        postgresql://root@f3722e8adf37:26257?application_name=cockroach&sslmode=disable
logs:       /cockroach/cockroach-data/logs
store[0]:   path=/cockroach/cockroach-data
status:     initialized new node, joined pre-existing cluster
clusterID:  be9043e5-a548-4755-8b63-b17b8e28f87c
nodeID:     3
I171204 22:30:30.918271 78 server/node.go:587  [n3] bootstrapped store [n3,s3]
I171204 22:30:30.931563 97 sql/event_log.go:102  [n3] Event: "node_join", target: 3, info: {Descriptor:{NodeID:3 Address:{NetworkField:tcp AddressField:f3722e8adf37:26257} Attrs: Locality: ServerVersion:1.1} ClusterID:be9043e5-a548-4755-8b63-b17b8e28f87c StartedAt:1512426630890892213 LastUp:1512426630890892213}
I171204 22:30:30.989436 304 storage/replica_raftstorage.go:725  [n3,s3,r6/?:{-}] applying preemptive snapshot at index 18 (id=e82bc94b, encoded size=7621, 1 rocksdb batches, 8 log entries)
I171204 22:30:31.001841 304 storage/replica_raftstorage.go:733  [n3,s3,r6/?:/{System/tse-Table/System…}] applied preemptive snapshot in 12ms [clear=0ms batch=0ms entries=0ms commit=12ms]
I171204 22:30:31.319860 184 storage/store.go:2156  [replicaGC,n3,s3,r6/?:/{System/tse-Table/System…}] removing replica
I171204 22:30:31.366847 184 storage/replica.go:767  [replicaGC,n3,s3,r6/?:/{System/tse-Table/System…}] removed 10 (0+10) keys in 47ms [clear=0ms commit=47ms]
I171204 22:30:32.134966 202 storage/replica_raftstorage.go:725  [n3,s3,r1/?:{-}] applying preemptive snapshot at index 54 (id=e3c7e82c, encoded size=21736, 1 rocksdb batches, 33 log entries)
I171204 22:30:32.144469 202 storage/replica_raftstorage.go:733  [n3,s3,r1/?:/{Min-System/}] applied preemptive snapshot in 9ms [clear=0ms batch=0ms entries=0ms commit=9ms]
I171204 22:30:32.177710 206 storage/raft_transport.go:455  [n3] raft transport stream to node 1 established
I171204 22:30:32.191907 338 storage/replica_raftstorage.go:725  [n3,s3,r6/2:{-}] applying Raft snapshot at index 20 (id=16aee945, encoded size=9614, 1 rocksdb batches, 10 log entries)
I171204 22:30:32.204331 338 storage/replica_raftstorage.go:733  [n3,s3,r6/2:/{System/tse-Table/System…}] applied Raft snapshot in 12ms [clear=0ms batch=0ms entries=0ms commit=12ms]
I171204 22:30:34.144336 331 storage/replica_raftstorage.go:725  [n3,s3,r8/?:{-}] applying preemptive snapshot at index 18 (id=bdf9b488, encoded size=7508, 1 rocksdb batches, 8 log entries)
I171204 22:30:34.514417 331 storage/replica_raftstorage.go:733  [n3,s3,r8/?:/Table/1{1-2}] applied preemptive snapshot in 370ms [clear=0ms batch=0ms entries=0ms commit=370ms]
I171204 22:30:34.924265 184 storage/store.go:2156  [replicaGC,n3,s3,r8/?:/Table/1{1-2}] removing replica
I171204 22:30:35.314195 184 storage/replica.go:767  [replicaGC,n3,s3,r8/?:/Table/1{1-2}] removed 10 (0+10) keys in 390ms [clear=0ms commit=390ms]
I171204 22:30:35.339752 335 storage/replica_raftstorage.go:725  [n3,s3,r7/?:{-}] applying preemptive snapshot at index 26 (id=3c410f70, encoded size=19556, 1 rocksdb batches, 16 log entries)
I171204 22:30:35.362318 335 storage/replica_raftstorage.go:733  [n3,s3,r7/?:/Table/{SystemCon…-11}] applied preemptive snapshot in 23ms [clear=0ms batch=0ms entries=0ms commit=22ms]
I171204 22:30:35.407874 362 storage/replica_raftstorage.go:725  [n3,s3,r8/2:{-}] applying Raft snapshot at index 20 (id=2639a23f, encoded size=9457, 1 rocksdb batches, 10 log entries)
I171204 22:30:35.420170 362 storage/replica_raftstorage.go:733  [n3,s3,r8/2:/Table/1{1-2}] applied Raft snapshot in 12ms [clear=0ms batch=0ms entries=0ms commit=12ms]
I171204 22:30:35.801517 370 storage/replica_raftstorage.go:725  [n3,s3,r4/?:{-}] applying preemptive snapshot at index 43 (id=57d84814, encoded size=94208, 1 rocksdb batches, 33 log entries)
I171204 22:30:35.804862 264 storage/replica_proposal.go:453  [timeSeriesMaintenance,n3,s3,r6/2:/{System/tse-Table/System…}] new range lease repl=(n3,s3):2 start=1512426635.451733895,1 epo=1 pro=1512426635.724432650,0 following repl=(n1,s1):1 start=0.000000000,0 exp=1512426635.451733895,0 pro=1512426626.451769432,0
I171204 22:30:36.158732 370 storage/replica_raftstorage.go:733  [n3,s3,r4/?:/System/{NodeLive…-tsd}] applied preemptive snapshot in 357ms [clear=0ms batch=0ms entries=0ms commit=357ms]
I171204 22:30:36.164756 183 storage/replica_raftstorage.go:516  [replicate,n3,s3,r6/2:/{System/tse-Table/System…}] generated preemptive snapshot af1dbec4 at index 22
I171204 22:30:36.166328 183 storage/store.go:3494  [replicate,n3,s3,r6/2:/{System/tse-Table/System…}] streamed snapshot to (n2,s2):?: kv pairs: 12, log entries: 12, rate-limit: 8.0 MiB/sec, 1ms
W171204 22:30:36.842555 267 storage/store.go:3581  [n3,s3] handle raft ready: 0.7s [processed=0]
I171204 22:30:36.869548 183 storage/replica_command.go:3671  [replicate,n3,s3,r6/2:/{System/tse-Table/System…}] change replicas (ADD_REPLICA (n2,s2):3): read existing descriptor r6:/{System/tse-Table/SystemConfigSpan/Start} [(n1,s1):1, (n3,s3):2, next=3]
I171204 22:30:36.926887 184 storage/store.go:2156  [replicaGC,n3,s3,r4/?:/System/{NodeLive…-tsd}] removing replica
I171204 22:30:37.558062 184 storage/replica.go:767  [replicaGC,n3,s3,r4/?:/System/{NodeLive…-tsd}] removed 27 (17+10) keys in 631ms [clear=0ms commit=631ms]
I171204 22:30:40.892102 79 storage/store.go:4174  [n3,s3] sstables (read amplification = 0):
I171204 22:30:40.892281 79 storage/store.go:4175  [n3,s3] 
** Compaction Stats [default] **
Level    Files   Size     Score Read(GB)  Rn(GB) Rnp1(GB) Write(GB) Wnew(GB) Moved(GB) W-Amp Rd(MB/s) Wr(MB/s) Comp(sec) Comp(cnt) Avg(sec) KeyIn KeyDrop
----------------------------------------------------------------------------------------------------------------------------------------------------------
 Sum      0/0    0.00 KB   0.0      0.0     0.0      0.0       0.0      0.0       0.0   0.0      0.0      0.0         0         0    0.000       0      0
 Int      0/0    0.00 KB   0.0      0.0     0.0      0.0       0.0      0.0       0.0   0.0      0.0      0.0         0         0    0.000       0      0
Uptime(secs): 10.0 total, 10.0 interval
Flush(GB): cumulative 0.000, interval 0.000
AddFile(GB): cumulative 0.000, interval 0.000
AddFile(Total Files): cumulative 0, interval 0
AddFile(L0 Files): cumulative 0, interval 0
AddFile(Keys): cumulative 0, interval 0
Cumulative compaction: 0.00 GB write, 0.00 MB/s write, 0.00 GB read, 0.00 MB/s read, 0.0 seconds
Interval compaction: 0.00 GB write, 0.00 MB/s write, 0.00 GB read, 0.00 MB/s read, 0.0 seconds
Stalls(count): 0 level0_slowdown, 0 level0_slowdown_with_compaction, 0 level0_numfiles, 0 level0_numfiles_with_compaction, 0 stop for pending_compaction_bytes, 0 slowdown for pending_compaction_bytes, 0 memtable_compaction, 0 memtable_slowdown, interval 0 total count
I171204 22:30:40.892342 114 server/status/runtime.go:223  [n3] runtime stats: 127 MiB RSS, 189 goroutines, 16 MiB/208 KiB/26 MiB GO alloc/idle/total, 14 MiB/18 MiB CGO alloc/total, 0.00cgo/sec, 0.00/0.00 %(u/s)time, 0.00 %gc (7x)
W171204 22:30:40.900635 154 storage/node_liveness.go:399  [n3,hb] slow heartbeat took 1.0s
I171204 22:30:41.957195 348 storage/replica.go:3055  [n3,s3,r6/2:/{System/tse-Table/System…}] proposing ADD_REPLICA((n2,s2):3): updated=[(n1,s1):1 (n3,s3):2 (n2,s2):3] next=4
W171204 22:30:42.692658 237 storage/store.go:3581  [n3,s3] handle raft ready: 0.6s [processed=0]
I171204 22:30:42.731619 350 storage/replica_raftstorage.go:725  [n3,s3,r10/?:{-}] applying preemptive snapshot at index 46 (id=4fe6c4fd, encoded size=61504, 1 rocksdb batches, 36 log entries)
I171204 22:30:42.746210 350 storage/replica_raftstorage.go:733  [n3,s3,r10/?:/Table/1{3-4}] applied preemptive snapshot in 15ms [clear=0ms batch=0ms entries=0ms commit=14ms]
W171204 22:30:43.094398 405 kv/txn_coord_sender.go:786  [replicate,s3,r6/2:/{System/tse-Table/System…},n3] heartbeat to "change-replica" id=12d27ca6 key=/Local/Range/System/"tse"/RangeDescriptor rw=true pri=0.00964906 iso=SERIALIZABLE stat=PENDING epo=0 ts=1512426636.869041817,0 orig=1512426636.869041817,0 max=1512426637.369041817,0 wto=false rop=false seq=9 failed: context canceled
I171204 22:30:43.135070 456 storage/replica_raftstorage.go:725  [n3,s3,r4/3:{-}] applying Raft snapshot at index 56 (id=8ca7317c, encoded size=148063, 1 rocksdb batches, 46 log entries)
I171204 22:30:43.854180 456 storage/replica_raftstorage.go:733  [n3,s3,r4/3:/System/{NodeLive…-tsd}] applied Raft snapshot in 719ms [clear=0ms batch=0ms entries=0ms commit=718ms]
W171204 22:30:43.854329 257 storage/store.go:3581  [n3,s3] handle raft ready: 0.5s [processed=0]
I171204 22:30:43.854536 184 storage/store.go:2156  [replicaGC,n3,s3,r10/?:/Table/1{3-4}] removing replica
I171204 22:30:44.571223 184 storage/replica.go:767  [replicaGC,n3,s3,r10/?:/Table/1{3-4}] removed 155 (145+10) keys in 717ms [clear=0ms commit=717ms]
W171204 22:30:46.647213 154 storage/node_liveness.go:399  [n3,hb] slow heartbeat took 2.3s
W171204 22:30:46.647240 154 storage/node_liveness.go:342  [n3,hb] failed node liveness heartbeat: context deadline exceeded
I171204 22:30:47.065081 186 storage/replica_raftstorage.go:516  [raftsnapshot,n3,s3,r6/2:/{System/tse-Table/System…}] generated Raft snapshot 443b4880 at index 33
I171204 22:30:47.066048 186 storage/store.go:3494  [raftsnapshot,n3,s3,r6/2:/{System/tse-Table/System…}] streamed snapshot to (n2,s2):3: kv pairs: 15, log entries: 23, rate-limit: 8.0 MiB/sec, 1ms
I171204 22:30:47.798904 420 storage/replica_raftstorage.go:725  [n3,s3,r11/?:{-}] applying preemptive snapshot at index 16 (id=be6f1ebd, encoded size=4365, 1 rocksdb batches, 6 log entries)
I171204 22:30:47.815924 420 storage/replica_raftstorage.go:733  [n3,s3,r11/?:/Table/1{4-5}] applied preemptive snapshot in 17ms [clear=0ms batch=0ms entries=0ms commit=17ms]
I171204 22:30:48.344996 184 storage/store.go:2156  [replicaGC,n3,s3,r11/?:/Table/1{4-5}] removing replica
I171204 22:30:48.556421 184 storage/replica.go:767  [replicaGC,n3,s3,r11/?:/Table/1{4-5}] removed 10 (0+10) keys in 211ms [clear=0ms commit=211ms]
I171204 22:30:48.563717 425 storage/replica_raftstorage.go:725  [n3,s3,r10/2:{-}] applying Raft snapshot at index 55 (id=4cb6e5e3, encoded size=67570, 1 rocksdb batches, 45 log entries)
I171204 22:30:48.574340 425 storage/replica_raftstorage.go:733  [n3,s3,r10/2:/Table/1{3-4}] applied Raft snapshot in 11ms [clear=0ms batch=0ms entries=0ms commit=10ms]
I171204 22:30:49.340998 474 storage/replica_raftstorage.go:725  [n3,s3,r2/?:{-}] applying preemptive snapshot at index 32 (id=555e9a32, encoded size=15761, 1 rocksdb batches, 22 log entries)
I171204 22:30:49.349668 474 storage/replica_raftstorage.go:733  [n3,s3,r2/?:/System/{-NodeLive…}] applied preemptive snapshot in 9ms [clear=0ms batch=0ms entries=0ms commit=8ms]
I171204 22:30:50.891656 114 server/status/runtime.go:223  [n3] runtime stats: 133 MiB RSS, 189 goroutines, 10 MiB/8.8 MiB/30 MiB GO alloc/idle/total, 15 MiB/20 MiB CGO alloc/total, 114.20cgo/sec, 0.01/0.01 %(u/s)time, 0.00 %gc (2x)
I171204 22:30:51.155059 491 storage/replica_raftstorage.go:725  [n3,s3,r11/2:{-}] applying Raft snapshot at index 19 (id=71f8b1fa, encoded size=6858, 1 rocksdb batches, 9 log entries)
I171204 22:30:51.172040 491 storage/replica_raftstorage.go:733  [n3,s3,r11/2:/Table/1{4-5}] applied Raft snapshot in 17ms [clear=0ms batch=0ms entries=0ms commit=17ms]
W171204 22:30:54.443882 154 storage/node_liveness.go:399  [n3,hb] slow heartbeat took 1.0s
I171204 22:30:54.811226 546 storage/replica_raftstorage.go:725  [n3,s3,r9/?:{-}] applying preemptive snapshot at index 29 (id=b9473dbc, encoded size=21798, 1 rocksdb batches, 19 log entries)
I171204 22:30:54.823293 546 storage/replica_raftstorage.go:733  [n3,s3,r9/?:/Table/1{2-3}] applied preemptive snapshot in 12ms [clear=0ms batch=0ms entries=0ms commit=12ms]
I171204 22:30:55.619526 184 storage/store.go:2156  [replicaGC,n3,s3,r9/?:/Table/1{2-3}] removing replica
I171204 22:30:55.894363 184 storage/replica.go:767  [replicaGC,n3,s3,r9/?:/Table/1{2-3}] removed 45 (35+10) keys in 275ms [clear=0ms commit=275ms]
I171204 22:30:57.345988 562 storage/replica_raftstorage.go:725  [n3,s3,r15/?:{-}] applying preemptive snapshot at index 21 (id=6b1ae72c, encoded size=7289, 1 rocksdb batches, 11 log entries)
I171204 22:30:57.367145 562 storage/replica_raftstorage.go:733  [n3,s3,r15/?:/Table/1{8-9}] applied preemptive snapshot in 21ms [clear=0ms batch=0ms entries=0ms commit=21ms]
W171204 22:30:59.184101 154 storage/node_liveness.go:399  [n3,hb] slow heartbeat took 1.3s
I171204 22:30:59.198468 523 storage/replica_raftstorage.go:725  [n3,s3,r9/3:{-}] applying Raft snapshot at index 34 (id=89dedf79, encoded size=24583, 1 rocksdb batches, 24 log entries)
I171204 22:30:59.558556 523 storage/replica_raftstorage.go:733  [n3,s3,r9/3:/Table/1{2-3}] applied Raft snapshot in 360ms [clear=0ms batch=0ms entries=0ms commit=360ms]
I171204 22:31:00.280667 553 storage/replica_raftstorage.go:725  [n3,s3,r14/?:{-}] applying preemptive snapshot at index 21 (id=fb0e4630, encoded size=7303, 1 rocksdb batches, 11 log entries)
I171204 22:31:00.300224 553 storage/replica_raftstorage.go:733  [n3,s3,r14/?:/Table/1{7-8}] applied preemptive snapshot in 20ms [clear=0ms batch=0ms entries=0ms commit=19ms]
I171204 22:31:00.891813 114 server/status/runtime.go:223  [n3] runtime stats: 133 MiB RSS, 190 goroutines, 13 MiB/7.0 MiB/30 MiB GO alloc/idle/total, 17 MiB/21 MiB CGO alloc/total, 99.70cgo/sec, 0.01/0.00 %(u/s)time, 0.00 %gc (1x)
I171204 22:31:04.505274 28 gossip/gossip.go:1255  [n3] node has connected to cluster via gossip
I171204 22:31:04.560416 28 storage/stores.go:322  [n3] wrote 2 node addresses to persistent storage
W171204 22:31:04.648295 154 storage/node_liveness.go:399  [n3,hb] slow heartbeat took 2.3s
W171204 22:31:04.648314 154 storage/node_liveness.go:342  [n3,hb] failed node liveness heartbeat: context deadline exceeded
I171204 22:31:06.449827 573 storage/replica_raftstorage.go:725  [n3,s3,r5/?:{-}] applying preemptive snapshot at index 44 (id=e0ddbe66, encoded size=180070, 1 rocksdb batches, 2 log entries)
I171204 22:31:06.784494 573 storage/replica_raftstorage.go:733  [n3,s3,r5/?:/System/ts{d-e}] applied preemptive snapshot in 335ms [clear=0ms batch=0ms entries=0ms commit=334ms]
I171204 22:31:07.578217 184 storage/store.go:2156  [replicaGC,n3,s3,r5/?:/System/ts{d-e}] removing replica
I171204 22:31:08.271674 184 storage/replica.go:767  [replicaGC,n3,s3,r5/?:/System/ts{d-e}] removed 666 (656+10) keys in 693ms [clear=0ms commit=693ms]
I171204 22:31:08.306918 538 storage/replica_raftstorage.go:725  [n3,s3,r13/?:{-}] applying preemptive snapshot at index 21 (id=e129deac, encoded size=7308, 1 rocksdb batches, 11 log entries)
I171204 22:31:08.315498 538 storage/replica_raftstorage.go:733  [n3,s3,r13/?:/Table/1{6-7}] applied preemptive snapshot in 9ms [clear=0ms batch=0ms entries=0ms commit=8ms]
I171204 22:31:08.700331 588 storage/replica_raftstorage.go:725  [n3,s3,r5/3:{-}] applying Raft snapshot at index 49 (id=57c539df, encoded size=236229, 1 rocksdb batches, 7 log entries)
I171204 22:31:08.715612 588 storage/replica_raftstorage.go:733  [n3,s3,r5/3:/System/ts{d-e}] applied Raft snapshot in 15ms [clear=0ms batch=0ms entries=0ms commit=15ms]
I171204 22:31:10.892105 114 server/status/runtime.go:223  [n3] runtime stats: 134 MiB RSS, 189 goroutines, 16 MiB/4.0 MiB/30 MiB GO alloc/idle/total, 17 MiB/24 MiB CGO alloc/total, 83.40cgo/sec, 0.01/0.01 %(u/s)time, 0.00 %gc (1x)
I171204 22:31:17.746143 632 storage/replica_raftstorage.go:725  [n3,s3,r3/?:{-}] applying preemptive snapshot at index 76 (id=0540fbc9, encoded size=26660, 1 rocksdb batches, 49 log entries)
I171204 22:31:18.107068 632 storage/replica_raftstorage.go:733  [n3,s3,r3/?:/System/NodeLiveness{-Max}] applied preemptive snapshot in 361ms [clear=0ms batch=0ms entries=0ms commit=361ms]
I171204 22:31:20.891731 114 server/status/runtime.go:223  [n3] runtime stats: 140 MiB RSS, 189 goroutines, 18 MiB/1.9 MiB/30 MiB GO alloc/idle/total, 18 MiB/24 MiB CGO alloc/total, 77.50cgo/sec, 0.01/0.01 %(u/s)time, 0.00 %gc (1x)
I171204 22:31:21.168477 606 storage/replica_raftstorage.go:725  [n3,s3,r12/?:{-}] applying preemptive snapshot at index 20 (id=7b47ef64, encoded size=6745, 1 rocksdb batches, 10 log entries)
I171204 22:31:21.175964 606 storage/replica_raftstorage.go:733  [n3,s3,r12/?:/Table/1{5-6}] applied preemptive snapshot in 7ms [clear=0ms batch=0ms entries=0ms commit=7ms]
I171204 22:31:25.526494 677 storage/replica_raftstorage.go:725  [n3,s3,r16/?:{-}] applying preemptive snapshot at index 19 (id=77278f2b, encoded size=6593, 1 rocksdb batches, 9 log entries)
I171204 22:31:25.890844 677 storage/replica_raftstorage.go:733  [n3,s3,r16/?:/Table/{19-50}] applied preemptive snapshot in 364ms [clear=0ms batch=0ms entries=0ms commit=364ms]
W171204 22:31:26.216086 154 storage/node_liveness.go:399  [n3,hb] slow heartbeat took 1.3s
I171204 22:31:28.168210 266 storage/replica_proposal.go:453  [n3,s3,r14/3:/Table/1{7-8}] new range lease repl=(n3,s3):3 start=1512426687.436569334,0 epo=1 pro=1512426687.436571962,0 following repl=(n1,s1):1 start=0.000000000,0 epo=1 pro=1512426651.534907727,0
I171204 22:31:29.299275 695 storage/replica_raftstorage.go:725  [n3,s3,r17/?:{-}] applying preemptive snapshot at index 15 (id=7bba74e8, encoded size=3166, 1 rocksdb batches, 5 log entries)
I171204 22:31:29.309090 695 storage/replica_raftstorage.go:733  [n3,s3,r17/?:/{Table/50-Max}] applied preemptive snapshot in 10ms [clear=0ms batch=0ms entries=0ms commit=10ms]
I171204 22:31:30.891332 80 gossip/gossip.go:478  [n3] gossip status (ok, 3 nodes)
gossip client (1/3 cur/max conns)
  1: roach1:26257 (1m0s: infos 36/325 sent/received, bytes 11669B/145727B sent/received)
gossip server (0/3 cur/max conns, infos 36/325 sent/received, bytes 11669B/145727B sent/received)
I171204 22:31:30.891667 114 server/status/runtime.go:223  [n3] runtime stats: 141 MiB RSS, 189 goroutines, 18 MiB/3.4 MiB/32 MiB GO alloc/idle/total, 18 MiB/25 MiB CGO alloc/total, 101.70cgo/sec, 0.01/0.01 %(u/s)time, 0.00 %gc (1x)
I171204 22:31:40.891608 114 server/status/runtime.go:223  [n3] runtime stats: 144 MiB RSS, 189 goroutines, 18 MiB/3.7 MiB/32 MiB GO alloc/idle/total, 18 MiB/26 MiB CGO alloc/total, 52.60cgo/sec, 0.01/0.00 %(u/s)time, 0.00 %gc (1x)
I171204 22:31:50.891807 114 server/status/runtime.go:223  [n3] runtime stats: 146 MiB RSS, 189 goroutines, 17 MiB/4.5 MiB/32 MiB GO alloc/idle/total, 18 MiB/26 MiB CGO alloc/total, 38.00cgo/sec, 0.01/0.00 %(u/s)time, 0.00 %gc (1x)
W171204 22:31:53.345927 154 storage/node_liveness.go:399  [n3,hb] slow heartbeat took 1.4s
I171204 22:32:00.891447 114 server/status/runtime.go:223  [n3] runtime stats: 145 MiB RSS, 189 goroutines, 17 MiB/4.3 MiB/32 MiB GO alloc/idle/total, 18 MiB/26 MiB CGO alloc/total, 73.90cgo/sec, 0.01/0.01 %(u/s)time, 0.00 %gc (1x)
I171204 22:32:10.891782 114 server/status/runtime.go:223  [n3] runtime stats: 146 MiB RSS, 189 goroutines, 16 MiB/5.8 MiB/32 MiB GO alloc/idle/total, 18 MiB/26 MiB CGO alloc/total, 41.40cgo/sec, 0.01/0.00 %(u/s)time, 0.00 %gc (1x)
I171204 22:32:20.891432 114 server/status/runtime.go:223  [n3] runtime stats: 151 MiB RSS, 189 goroutines, 13 MiB/8.5 MiB/32 MiB GO alloc/idle/total, 19 MiB/27 MiB CGO alloc/total, 44.90cgo/sec, 0.01/0.00 %(u/s)time, 0.00 %gc (1x)
I171204 22:32:30.891278 80 gossip/gossip.go:478  [n3] gossip status (ok, 3 nodes)
gossip client (1/3 cur/max conns)
  1: roach1:26257 (2m0s: infos 40/536 sent/received, bytes 12834B/206316B sent/received)
gossip server (0/3 cur/max conns, infos 40/536 sent/received, bytes 12834B/206316B sent/received)
I171204 22:32:30.891542 114 server/status/runtime.go:223  [n3] runtime stats: 151 MiB RSS, 189 goroutines, 13 MiB/8.1 MiB/32 MiB GO alloc/idle/total, 19 MiB/27 MiB CGO alloc/total, 42.20cgo/sec, 0.01/0.00 %(u/s)time, 0.00 %gc (1x)
I171204 22:32:40.891885 114 server/status/runtime.go:223  [n3] runtime stats: 151 MiB RSS, 189 goroutines, 13 MiB/8.5 MiB/32 MiB GO alloc/idle/total, 19 MiB/27 MiB CGO alloc/total, 40.40cgo/sec, 0.01/0.00 %(u/s)time, 0.00 %gc (1x)
I171204 22:32:50.891580 114 server/status/runtime.go:223  [n3] runtime stats: 152 MiB RSS, 189 goroutines, 13 MiB/8.0 MiB/32 MiB GO alloc/idle/total, 19 MiB/27 MiB CGO alloc/total, 42.80cgo/sec, 0.01/0.00 %(u/s)time, 0.00 %gc (1x)
I171204 22:33:00.891663 114 server/status/runtime.go:223  [n3] runtime stats: 152 MiB RSS, 189 goroutines, 13 MiB/8.4 MiB/32 MiB GO alloc/idle/total, 19 MiB/27 MiB CGO alloc/total, 44.20cgo/sec, 0.01/0.00 %(u/s)time, 0.00 %gc (1x)
I171204 22:33:10.891784 114 server/status/runtime.go:223  [n3] runtime stats: 152 MiB RSS, 189 goroutines, 12 MiB/8.8 MiB/32 MiB GO alloc/idle/total, 19 MiB/27 MiB CGO alloc/total, 41.10cgo/sec, 0.01/0.00 %(u/s)time, 0.00 %gc (1x)
W171204 22:33:18.620923 154 storage/node_liveness.go:399  [n3,hb] slow heartbeat took 1.2s
I171204 22:33:20.891605 114 server/status/runtime.go:223  [n3] runtime stats: 153 MiB RSS, 189 goroutines, 12 MiB/9.8 MiB/32 MiB GO alloc/idle/total, 19 MiB/27 MiB CGO alloc/total, 43.70cgo/sec, 0.01/0.00 %(u/s)time, 0.00 %gc (1x)
I171204 22:33:30.891288 80 gossip/gossip.go:478  [n3] gossip status (ok, 3 nodes)
gossip client (1/3 cur/max conns)
  1: roach1:26257 (3m0s: infos 42/696 sent/received, bytes 13333B/223016B sent/received)
gossip server (0/3 cur/max conns, infos 42/696 sent/received, bytes 13333B/223016B sent/received)
I171204 22:33:30.891740 114 server/status/runtime.go:223  [n3] runtime stats: 153 MiB RSS, 189 goroutines, 12 MiB/9.6 MiB/32 MiB GO alloc/idle/total, 19 MiB/27 MiB CGO alloc/total, 38.60cgo/sec, 0.01/0.00 %(u/s)time, 0.00 %gc (1x)
I171204 22:33:40.891799 114 server/status/runtime.go:223  [n3] runtime stats: 154 MiB RSS, 189 goroutines, 12 MiB/9.5 MiB/32 MiB GO alloc/idle/total, 18 MiB/27 MiB CGO alloc/total, 45.30cgo/sec, 0.01/0.00 %(u/s)time, 0.00 %gc (1x)
I171204 22:33:50.891791 114 server/status/runtime.go:223  [n3] runtime stats: 154 MiB RSS, 189 goroutines, 12 MiB/9.5 MiB/32 MiB GO alloc/idle/total, 26 MiB/35 MiB CGO alloc/total, 41.90cgo/sec, 0.01/0.00 %(u/s)time, 0.00 %gc (1x)
I171204 22:34:00.891916 114 server/status/runtime.go:223  [n3] runtime stats: 155 MiB RSS, 189 goroutines, 19 MiB/2.5 MiB/32 MiB GO alloc/idle/total, 26 MiB/35 MiB CGO alloc/total, 40.60cgo/sec, 0.00/0.00 %(u/s)time, 0.00 %gc (0x)
I171204 22:34:10.891682 114 server/status/runtime.go:223  [n3] runtime stats: 155 MiB RSS, 189 goroutines, 17 MiB/4.6 MiB/32 MiB GO alloc/idle/total, 26 MiB/35 MiB CGO alloc/total, 44.70cgo/sec, 0.01/0.00 %(u/s)time, 0.00 %gc (1x)
I171204 22:34:20.891612 114 server/status/runtime.go:223  [n3] runtime stats: 156 MiB RSS, 189 goroutines, 17 MiB/5.0 MiB/32 MiB GO alloc/idle/total, 26 MiB/35 MiB CGO alloc/total, 45.20cgo/sec, 0.01/0.00 %(u/s)time, 0.00 %gc (1x)
I171204 22:34:30.891441 80 gossip/gossip.go:478  [n3] gossip status (ok, 3 nodes)
gossip client (1/3 cur/max conns)
  1: roach1:26257 (4m0s: infos 44/865 sent/received, bytes 13832B/240545B sent/received)
gossip server (0/3 cur/max conns, infos 44/865 sent/received, bytes 13832B/240545B sent/received)
I171204 22:34:30.891911 114 server/status/runtime.go:223  [n3] runtime stats: 156 MiB RSS, 189 goroutines, 15 MiB/6.4 MiB/32 MiB GO alloc/idle/total, 27 MiB/35 MiB CGO alloc/total, 42.20cgo/sec, 0.01/0.00 %(u/s)time, 0.00 %gc (1x)
I171204 22:34:40.891682 114 server/status/runtime.go:223  [n3] runtime stats: 157 MiB RSS, 189 goroutines, 14 MiB/7.5 MiB/32 MiB GO alloc/idle/total, 26 MiB/35 MiB CGO alloc/total, 42.30cgo/sec, 0.01/0.00 %(u/s)time, 0.00 %gc (1x)
I171204 22:34:50.891695 114 server/status/runtime.go:223  [n3] runtime stats: 157 MiB RSS, 189 goroutines, 13 MiB/8.7 MiB/32 MiB GO alloc/idle/total, 26 MiB/35 MiB CGO alloc/total, 37.10cgo/sec, 0.01/0.00 %(u/s)time, 0.00 %gc (1x)
I171204 22:35:00.891614 114 server/status/runtime.go:223  [n3] runtime stats: 158 MiB RSS, 189 goroutines, 13 MiB/8.3 MiB/32 MiB GO alloc/idle/total, 26 MiB/35 MiB CGO alloc/total, 48.20cgo/sec, 0.01/0.00 %(u/s)time, 0.00 %gc (1x)
I171204 22:35:10.891485 114 server/status/runtime.go:223  [n3] runtime stats: 158 MiB RSS, 189 goroutines, 13 MiB/8.1 MiB/32 MiB GO alloc/idle/total, 26 MiB/35 MiB CGO alloc/total, 39.70cgo/sec, 0.01/0.00 %(u/s)time, 0.00 %gc (1x)
I171204 22:35:20.891520 114 server/status/runtime.go:223  [n3] runtime stats: 158 MiB RSS, 189 goroutines, 13 MiB/8.5 MiB/32 MiB GO alloc/idle/total, 26 MiB/35 MiB CGO alloc/total, 44.80cgo/sec, 0.01/0.00 %(u/s)time, 0.00 %gc (1x)
I171204 22:35:30.891112 80 gossip/gossip.go:478  [n3] gossip status (ok, 3 nodes)
gossip client (1/3 cur/max conns)
  1: roach1:26257 (5m0s: infos 46/1023 sent/received, bytes 14331B/256880B sent/received)
gossip server (0/3 cur/max conns, infos 46/1023 sent/received, bytes 14331B/256880B sent/received)
I171204 22:35:30.892681 114 server/status/runtime.go:223  [n3] runtime stats: 158 MiB RSS, 189 goroutines, 13 MiB/8.5 MiB/32 MiB GO alloc/idle/total, 26 MiB/35 MiB CGO alloc/total, 39.30cgo/sec, 0.00/0.00 %(u/s)time, 0.00 %gc (1x)
I171204 22:35:40.891448 114 server/status/runtime.go:223  [n3] runtime stats: 160 MiB RSS, 189 goroutines, 12 MiB/9.6 MiB/32 MiB GO alloc/idle/total, 26 MiB/35 MiB CGO alloc/total, 40.40cgo/sec, 0.01/0.00 %(u/s)time, 0.00 %gc (1x)
I171204 22:35:50.892039 114 server/status/runtime.go:223  [n3] runtime stats: 160 MiB RSS, 189 goroutines, 19 MiB/2.6 MiB/32 MiB GO alloc/idle/total, 26 MiB/35 MiB CGO alloc/total, 45.10cgo/sec, 0.01/0.00 %(u/s)time, 0.00 %gc (0x)
I171204 22:36:00.892008 114 server/status/runtime.go:223  [n3] runtime stats: 160 MiB RSS, 189 goroutines, 18 MiB/3.7 MiB/32 MiB GO alloc/idle/total, 26 MiB/35 MiB CGO alloc/total, 40.80cgo/sec, 0.01/0.00 %(u/s)time, 0.00 %gc (1x)
I171204 22:36:10.891734 114 server/status/runtime.go:223  [n3] runtime stats: 160 MiB RSS, 189 goroutines, 17 MiB/4.7 MiB/32 MiB GO alloc/idle/total, 26 MiB/35 MiB CGO alloc/total, 44.90cgo/sec, 0.01/0.00 %(u/s)time, 0.00 %gc (1x)
I171204 22:36:20.891544 114 server/status/runtime.go:223  [n3] runtime stats: 161 MiB RSS, 189 goroutines, 16 MiB/5.8 MiB/32 MiB GO alloc/idle/total, 25 MiB/35 MiB CGO alloc/total, 45.50cgo/sec, 0.01/0.00 %(u/s)time, 0.00 %gc (1x)
I171204 22:36:30.891261 80 gossip/gossip.go:478  [n3] gossip status (ok, 3 nodes)
gossip client (1/3 cur/max conns)
  1: roach1:26257 (6m0s: infos 48/1181 sent/received, bytes 14830B/273268B sent/received)
gossip server (0/3 cur/max conns, infos 48/1181 sent/received, bytes 14830B/273268B sent/received)
I171204 22:36:30.891597 114 server/status/runtime.go:223  [n3] runtime stats: 161 MiB RSS, 189 goroutines, 13 MiB/7.8 MiB/32 MiB GO alloc/idle/total, 25 MiB/35 MiB CGO alloc/total, 43.00cgo/sec, 0.01/0.00 %(u/s)time, 0.00 %gc (1x)
I171204 22:36:40.891776 114 server/status/runtime.go:223  [n3] runtime stats: 162 MiB RSS, 189 goroutines, 14 MiB/7.5 MiB/32 MiB GO alloc/idle/total, 25 MiB/35 MiB CGO alloc/total, 50.40cgo/sec, 0.01/0.00 %(u/s)time, 0.00 %gc (1x)
I171204 22:36:50.891964 114 server/status/runtime.go:223  [n3] runtime stats: 162 MiB RSS, 189 goroutines, 12 MiB/9.0 MiB/32 MiB GO alloc/idle/total, 25 MiB/35 MiB CGO alloc/total, 38.10cgo/sec, 0.01/0.00 %(u/s)time, 0.00 %gc (1x)
I171204 22:37:00.892521 114 server/status/runtime.go:223  [n3] runtime stats: 163 MiB RSS, 189 goroutines, 11 MiB/10 MiB/32 MiB GO alloc/idle/total, 25 MiB/35 MiB CGO alloc/total, 41.10cgo/sec, 0.01/0.00 %(u/s)time, 0.00 %gc (1x)
I171204 22:37:10.891629 114 server/status/runtime.go:223  [n3] runtime stats: 163 MiB RSS, 189 goroutines, 19 MiB/2.8 MiB/32 MiB GO alloc/idle/total, 33 MiB/43 MiB CGO alloc/total, 42.10cgo/sec, 0.01/0.00 %(u/s)time, 0.00 %gc (0x)
I171204 22:37:20.891741 114 server/status/runtime.go:223  [n3] runtime stats: 164 MiB RSS, 189 goroutines, 18 MiB/3.9 MiB/32 MiB GO alloc/idle/total, 33 MiB/43 MiB CGO alloc/total, 47.60cgo/sec, 0.01/0.00 %(u/s)time, 0.00 %gc (1x)
I171204 22:37:30.891880 80 gossip/gossip.go:478  [n3] gossip status (ok, 3 nodes)
gossip client (1/3 cur/max conns)
  1: roach1:26257 (7m0s: infos 50/1352 sent/received, bytes 15330B/290965B sent/received)
gossip server (0/3 cur/max conns, infos 50/1352 sent/received, bytes 15330B/290965B sent/received)
I171204 22:37:30.893172 114 server/status/runtime.go:223  [n3] runtime stats: 164 MiB RSS, 189 goroutines, 16 MiB/5.0 MiB/32 MiB GO alloc/idle/total, 32 MiB/43 MiB CGO alloc/total, 43.20cgo/sec, 0.01/0.00 %(u/s)time, 0.00 %gc (1x)
I171204 22:37:40.892521 114 server/status/runtime.go:223  [n3] runtime stats: 164 MiB RSS, 189 goroutines, 16 MiB/6.1 MiB/32 MiB GO alloc/idle/total, 32 MiB/43 MiB CGO alloc/total, 38.70cgo/sec, 0.01/0.00 %(u/s)time, 0.00 %gc (1x)
I171204 22:37:50.891806 114 server/status/runtime.go:223  [n3] runtime stats: 165 MiB RSS, 189 goroutines, 13 MiB/8.3 MiB/32 MiB GO alloc/idle/total, 32 MiB/43 MiB CGO alloc/total, 41.10cgo/sec, 0.01/0.00 %(u/s)time, 0.00 %gc (1x)
I171204 22:38:00.891794 114 server/status/runtime.go:223  [n3] runtime stats: 165 MiB RSS, 189 goroutines, 12 MiB/9.6 MiB/32 MiB GO alloc/idle/total, 32 MiB/43 MiB CGO alloc/total, 41.40cgo/sec, 0.01/0.00 %(u/s)time, 0.00 %gc (1x)
I171204 22:38:10.891774 114 server/status/runtime.go:223  [n3] runtime stats: 165 MiB RSS, 189 goroutines, 12 MiB/9.5 MiB/32 MiB GO alloc/idle/total, 32 MiB/43 MiB CGO alloc/total, 47.70cgo/sec, 0.01/0.00 %(u/s)time, 0.00 %gc (1x)
I171204 22:38:20.891659 114 server/status/runtime.go:223  [n3] runtime stats: 166 MiB RSS, 189 goroutines, 12 MiB/9.7 MiB/32 MiB GO alloc/idle/total, 32 MiB/43 MiB CGO alloc/total, 44.80cgo/sec, 0.01/0.00 %(u/s)time, 0.00 %gc (1x)
I171204 22:38:30.891324 80 gossip/gossip.go:478  [n3] gossip status (ok, 3 nodes)
gossip client (1/3 cur/max conns)
  1: roach1:26257 (8m0s: infos 52/1510 sent/received, bytes 15830B/307309B sent/received)
gossip server (0/3 cur/max conns, infos 52/1510 sent/received, bytes 15830B/307309B sent/received)
I171204 22:38:30.891772 114 server/status/runtime.go:223  [n3] runtime stats: 166 MiB RSS, 189 goroutines, 11 MiB/9.8 MiB/32 MiB GO alloc/idle/total, 32 MiB/43 MiB CGO alloc/total, 42.40cgo/sec, 0.01/0.00 %(u/s)time, 0.00 %gc (1x)
I171204 22:38:40.891567 114 server/status/runtime.go:223  [n3] runtime stats: 167 MiB RSS, 189 goroutines, 9.9 MiB/11 MiB/32 MiB GO alloc/idle/total, 32 MiB/43 MiB CGO alloc/total, 43.60cgo/sec, 0.01/0.00 %(u/s)time, 0.00 %gc (1x)
I171204 22:38:50.891694 114 server/status/runtime.go:223  [n3] runtime stats: 167 MiB RSS, 189 goroutines, 18 MiB/3.3 MiB/32 MiB GO alloc/idle/total, 32 MiB/43 MiB CGO alloc/total, 45.80cgo/sec, 0.01/0.00 %(u/s)time, 0.00 %gc (0x)
I171204 22:39:00.891725 114 server/status/runtime.go:223  [n3] runtime stats: 168 MiB RSS, 189 goroutines, 18 MiB/3.9 MiB/32 MiB GO alloc/idle/total, 32 MiB/43 MiB CGO alloc/total, 41.20cgo/sec, 0.01/0.00 %(u/s)time, 0.00 %gc (1x)
I171204 22:39:10.892507 114 server/status/runtime.go:223  [n3] runtime stats: 168 MiB RSS, 189 goroutines, 16 MiB/5.5 MiB/32 MiB GO alloc/idle/total, 31 MiB/43 MiB CGO alloc/total, 41.30cgo/sec, 0.01/0.00 %(u/s)time, 0.00 %gc (1x)
I171204 22:39:20.892519 114 server/status/runtime.go:223  [n3] runtime stats: 168 MiB RSS, 189 goroutines, 15 MiB/6.5 MiB/32 MiB GO alloc/idle/total, 31 MiB/43 MiB CGO alloc/total, 41.30cgo/sec, 0.01/0.00 %(u/s)time, 0.00 %gc (1x)
I171204 22:39:30.891629 80 gossip/gossip.go:478  [n3] gossip status (ok, 3 nodes)
gossip client (1/3 cur/max conns)
  1: roach1:26257 (9m0s: infos 54/1668 sent/received, bytes 16330B/323697B sent/received)
gossip server (0/3 cur/max conns, infos 54/1668 sent/received, bytes 16330B/323697B sent/received)
I171204 22:39:30.892402 114 server/status/runtime.go:223  [n3] runtime stats: 169 MiB RSS, 189 goroutines, 13 MiB/8.0 MiB/32 MiB GO alloc/idle/total, 31 MiB/44 MiB CGO alloc/total, 44.70cgo/sec, 0.01/0.00 %(u/s)time, 0.00 %gc (1x)
I171204 22:39:40.892032 114 server/status/runtime.go:223  [n3] runtime stats: 169 MiB RSS, 189 goroutines, 13 MiB/8.4 MiB/32 MiB GO alloc/idle/total, 31 MiB/44 MiB CGO alloc/total, 43.20cgo/sec, 0.01/0.00 %(u/s)time, 0.00 %gc (1x)
I171204 22:39:50.891948 114 server/status/runtime.go:223  [n3] runtime stats: 170 MiB RSS, 189 goroutines, 13 MiB/8.4 MiB/32 MiB GO alloc/idle/total, 31 MiB/44 MiB CGO alloc/total, 38.90cgo/sec, 0.01/0.00 %(u/s)time, 0.00 %gc (1x)
I171204 22:40:00.892003 114 server/status/runtime.go:223  [n3] runtime stats: 170 MiB RSS, 189 goroutines, 12 MiB/8.7 MiB/32 MiB GO alloc/idle/total, 31 MiB/44 MiB CGO alloc/total, 45.60cgo/sec, 0.01/0.00 %(u/s)time, 0.00 %gc (1x)
I171204 22:40:10.891663 114 server/status/runtime.go:223  [n3] runtime stats: 170 MiB RSS, 189 goroutines, 12 MiB/9.1 MiB/32 MiB GO alloc/idle/total, 31 MiB/44 MiB CGO alloc/total, 39.80cgo/sec, 0.01/0.00 %(u/s)time, 0.00 %gc (1x)
I171204 22:40:20.892968 114 server/status/runtime.go:223  [n3] runtime stats: 171 MiB RSS, 189 goroutines, 19 MiB/2.3 MiB/32 MiB GO alloc/idle/total, 31 MiB/44 MiB CGO alloc/total, 48.90cgo/sec, 0.01/0.00 %(u/s)time, 0.00 %gc (0x)
I171204 22:40:30.891289 80 gossip/gossip.go:478  [n3] gossip status (ok, 3 nodes)
gossip client (1/3 cur/max conns)
  1: roach1:26257 (10m0s: infos 56/1837 sent/received, bytes 16830B/341236B sent/received)
gossip server (0/3 cur/max conns, infos 56/1837 sent/received, bytes 16830B/341236B sent/received)
I171204 22:40:30.891506 114 server/status/runtime.go:223  [n3] runtime stats: 173 MiB RSS, 189 goroutines, 17 MiB/4.5 MiB/32 MiB GO alloc/idle/total, 39 MiB/52 MiB CGO alloc/total, 42.80cgo/sec, 0.01/0.00 %(u/s)time, 0.00 %gc (1x)
I171204 22:40:40.891623 79 storage/store.go:4174  [n3,s3] sstables (read amplification = 0):
I171204 22:40:40.891637 114 server/status/runtime.go:223  [n3] runtime stats: 173 MiB RSS, 189 goroutines, 16 MiB/5.1 MiB/32 MiB GO alloc/idle/total, 39 MiB/52 MiB CGO alloc/total, 37.50cgo/sec, 0.01/0.00 %(u/s)time, 0.00 %gc (1x)
I171204 22:40:40.891712 79 storage/store.go:4175  [n3,s3] 
** Compaction Stats [default] **
Level    Files   Size     Score Read(GB)  Rn(GB) Rnp1(GB) Write(GB) Wnew(GB) Moved(GB) W-Amp Rd(MB/s) Wr(MB/s) Comp(sec) Comp(cnt) Avg(sec) KeyIn KeyDrop
----------------------------------------------------------------------------------------------------------------------------------------------------------
 Sum      0/0    0.00 KB   0.0      0.0     0.0      0.0       0.0      0.0       0.0   0.0      0.0      0.0         0         0    0.000       0      0
 Int      0/0    0.00 KB   0.0      0.0     0.0      0.0       0.0      0.0       0.0   0.0      0.0      0.0         0         0    0.000       0      0
Uptime(secs): 610.0 total, 610.0 interval
Flush(GB): cumulative 0.000, interval 0.000
AddFile(GB): cumulative 0.000, interval 0.000
AddFile(Total Files): cumulative 0, interval 0
AddFile(L0 Files): cumulative 0, interval 0
AddFile(Keys): cumulative 0, interval 0
Cumulative compaction: 0.00 GB write, 0.00 MB/s write, 0.00 GB read, 0.00 MB/s read, 0.0 seconds
Interval compaction: 0.00 GB write, 0.00 MB/s write, 0.00 GB read, 0.00 MB/s read, 0.0 seconds
Stalls(count): 0 level0_slowdown, 0 level0_slowdown_with_compaction, 0 level0_numfiles, 0 level0_numfiles_with_compaction, 0 stop for pending_compaction_bytes, 0 slowdown for pending_compaction_bytes, 0 memtable_compaction, 0 memtable_slowdown, interval 0 total count
I171204 22:40:50.892800 114 server/status/runtime.go:223  [n3] runtime stats: 173 MiB RSS, 189 goroutines, 16 MiB/5.6 MiB/32 MiB GO alloc/idle/total, 39 MiB/52 MiB CGO alloc/total, 45.70cgo/sec, 0.01/0.00 %(u/s)time, 0.00 %gc (1x)
I171204 22:41:00.891973 114 server/status/runtime.go:223  [n3] runtime stats: 173 MiB RSS, 189 goroutines, 13 MiB/8.5 MiB/32 MiB GO alloc/idle/total, 39 MiB/52 MiB CGO alloc/total, 41.50cgo/sec, 0.01/0.00 %(u/s)time, 0.00 %gc (1x)
I171204 22:41:10.891524 114 server/status/runtime.go:223  [n3] runtime stats: 175 MiB RSS, 189 goroutines, 13 MiB/8.1 MiB/32 MiB GO alloc/idle/total, 38 MiB/52 MiB CGO alloc/total, 42.10cgo/sec, 0.01/0.00 %(u/s)time, 0.00 %gc (1x)
I171204 22:41:20.891936 114 server/status/runtime.go:223  [n3] runtime stats: 175 MiB RSS, 189 goroutines, 12 MiB/8.7 MiB/32 MiB GO alloc/idle/total, 38 MiB/52 MiB CGO alloc/total, 46.60cgo/sec, 0.01/0.00 %(u/s)time, 0.00 %gc (1x)
I171204 22:41:30.891409 80 gossip/gossip.go:478  [n3] gossip status (ok, 3 nodes)
gossip client (1/3 cur/max conns)
  1: roach1:26257 (11m0s: infos 58/1995 sent/received, bytes 17330B/357580B sent/received)
gossip server (0/3 cur/max conns, infos 58/1995 sent/received, bytes 17330B/357580B sent/received)
I171204 22:41:30.891880 114 server/status/runtime.go:223  [n3] runtime stats: 175 MiB RSS, 189 goroutines, 11 MiB/10 MiB/32 MiB GO alloc/idle/total, 38 MiB/52 MiB CGO alloc/total, 38.40cgo/sec, 0.01/0.00 %(u/s)time, 0.00 %gc (1x)
I171204 22:41:40.891588 114 server/status/runtime.go:223  [n3] runtime stats: 175 MiB RSS, 189 goroutines, 12 MiB/9.4 MiB/32 MiB GO alloc/idle/total, 38 MiB/52 MiB CGO alloc/total, 43.90cgo/sec, 0.01/0.00 %(u/s)time, 0.00 %gc (1x)
I171204 22:41:50.891681 114 server/status/runtime.go:223  [n3] runtime stats: 175 MiB RSS, 189 goroutines, 19 MiB/2.7 MiB/32 MiB GO alloc/idle/total, 38 MiB/52 MiB CGO alloc/total, 44.60cgo/sec, 0.01/0.00 %(u/s)time, 0.00 %gc (0x)
I171204 22:42:00.891631 114 server/status/runtime.go:223  [n3] runtime stats: 177 MiB RSS, 189 goroutines, 18 MiB/3.6 MiB/32 MiB GO alloc/idle/total, 38 MiB/52 MiB CGO alloc/total, 42.20cgo/sec, 0.01/0.00 %(u/s)time, 0.00 %gc (1x)
I171204 22:42:10.892077 114 server/status/runtime.go:223  [n3] runtime stats: 177 MiB RSS, 189 goroutines, 16 MiB/5.3 MiB/32 MiB GO alloc/idle/total, 38 MiB/52 MiB CGO alloc/total, 43.80cgo/sec, 0.01/0.00 %(u/s)time, 0.00 %gc (1x)
I171204 22:42:20.891634 114 server/status/runtime.go:223  [n3] runtime stats: 177 MiB RSS, 189 goroutines, 15 MiB/6.8 MiB/32 MiB GO alloc/idle/total, 38 MiB/52 MiB CGO alloc/total, 39.10cgo/sec, 0.01/0.00 %(u/s)time, 0.00 %gc (1x)
I171204 22:42:30.891429 80 gossip/gossip.go:478  [n3] gossip status (ok, 3 nodes)
gossip client (1/3 cur/max conns)
  1: roach1:26257 (12m0s: infos 60/2153 sent/received, bytes 17830B/373968B sent/received)
gossip server (0/3 cur/max conns, infos 60/2153 sent/received, bytes 17830B/373968B sent/received)
I171204 22:42:30.891866 114 server/status/runtime.go:223  [n3] runtime stats: 177 MiB RSS, 189 goroutines, 13 MiB/8.4 MiB/32 MiB GO alloc/idle/total, 38 MiB/52 MiB CGO alloc/total, 43.10cgo/sec, 0.01/0.00 %(u/s)time, 0.00 %gc (1x)
I171204 22:42:40.891872 114 server/status/runtime.go:223  [n3] runtime stats: 177 MiB RSS, 189 goroutines, 12 MiB/8.7 MiB/32 MiB GO alloc/idle/total, 38 MiB/52 MiB CGO alloc/total, 42.00cgo/sec, 0.01/0.00 %(u/s)time, 0.00 %gc (1x)
I171204 22:42:50.891468 114 server/status/runtime.go:223  [n3] runtime stats: 179 MiB RSS, 189 goroutines, 11 MiB/9.6 MiB/32 MiB GO alloc/idle/total, 38 MiB/52 MiB CGO alloc/total, 40.10cgo/sec, 0.01/0.00 %(u/s)time, 0.00 %gc (1x)
I171204 22:43:00.891924 114 server/status/runtime.go:223  [n3] runtime stats: 179 MiB RSS, 189 goroutines, 19 MiB/2.6 MiB/32 MiB GO alloc/idle/total, 38 MiB/52 MiB CGO alloc/total, 44.80cgo/sec, 0.01/0.00 %(u/s)time, 0.00 %gc (0x)
I171204 22:43:10.891818 114 server/status/runtime.go:223  [n3] runtime stats: 179 MiB RSS, 189 goroutines, 17 MiB/4.4 MiB/32 MiB GO alloc/idle/total, 38 MiB/52 MiB CGO alloc/total, 39.10cgo/sec, 0.01/0.00 %(u/s)time, 0.00 %gc (1x)
I171204 22:43:20.891650 114 server/status/runtime.go:223  [n3] runtime stats: 179 MiB RSS, 189 goroutines, 16 MiB/5.0 MiB/32 MiB GO alloc/idle/total, 38 MiB/52 MiB CGO alloc/total, 47.60cgo/sec, 0.01/0.00 %(u/s)time, 0.00 %gc (1x)
I171204 22:43:30.891423 80 gossip/gossip.go:478  [n3] gossip status (ok, 3 nodes)
gossip client (1/3 cur/max conns)
  1: roach1:26257 (13m0s: infos 62/2315 sent/received, bytes 18330B/390728B sent/received)
gossip server (0/3 cur/max conns, infos 62/2315 sent/received, bytes 18330B/390728B sent/received)
I171204 22:43:30.891844 114 server/status/runtime.go:223  [n3] runtime stats: 179 MiB RSS, 189 goroutines, 15 MiB/6.5 MiB/32 MiB GO alloc/idle/total, 38 MiB/52 MiB CGO alloc/total, 40.00cgo/sec, 0.01/0.00 %(u/s)time, 0.00 %gc (1x)
I171204 22:43:37.266682 1 cli/start.go:617  received signal 'terminated'
I171204 22:43:37.271805 1 cli/start.go:644  initiating graceful shutdown of server
I171204 22:43:37.316372 267 storage/replica_proposal.go:453  [n3,s3,r17/3:/Table/5{0-1}] new range lease repl=(n3,s3):3 start=1512427417.289593560,0 epo=1 pro=1512427417.289597192,0 following repl=(n2,s2):2 start=1512426692.648450160,0 epo=1 pro=1512426692.648456115,0
W171204 22:43:37.317927 452 storage/raft_transport.go:461  [n3] raft transport stream to node 2 failed: EOF
I171204 22:43:37.333050 2226 util/stop/stopper.go:474  quiescing; tasks left:
1      [async] storage.Store: gossip on capacity change
W171204 22:43:37.333189 206 storage/raft_transport.go:461  [n3] raft transport stream to node 1 failed: rpc error: code = Unavailable desc = transport is closing
W171204 22:43:37.702821 1839 gossip/infostore.go:303  [n3] node unavailable; try another peer
I171204 22:43:37.714480 300 vendor/google.golang.org/grpc/grpclog/grpclog.go:75  transport: http2Server.HandleStreams failed to read frame: read tcp 172.19.0.4:26257->172.19.0.2:37244: use of closed network connection
I171204 22:43:37.714780 2226 storage/engine/rocksdb.go:524  closing rocksdb instance at "/cockroach/cockroach-data/local"
I171204 22:43:37.726133 2226 storage/engine/rocksdb.go:524  closing rocksdb instance at "/cockroach/cockroach-data"
I171204 22:43:37.738511 1 cli/start.go:676  server drained and shutdown completed
