I171204 22:30:24.165347 1 util/log/clog.go:992  [config] file created at: 2017/12/04 22:30:24
I171204 22:30:24.165347 1 util/log/clog.go:992  [config] running on machine: 8ee98d5df52e
I171204 22:30:24.165347 1 util/log/clog.go:992  [config] binary: CockroachDB CCL v1.1.3 (linux amd64, built 2017/11/27 13:59:10, go1.8.3)
I171204 22:30:24.165347 1 util/log/clog.go:992  [config] arguments: [/cockroach/cockroach start --insecure]
I171204 22:30:24.165347 1 util/log/clog.go:992  line format: [IWEF]yymmdd hh:mm:ss.uuuuuu goid file:line msg utf8=✓
W171204 22:30:24.165345 1 cli/start.go:777  RUNNING IN INSECURE MODE!

- Your cluster is open for any client that can access <all your IP addresses>.
- Any user, even root, can log in without providing a password.
- Any user, connecting as root, can read or write any data in your cluster.
- There is no network encryption nor authentication, and thus no confidentiality.

Check out how to secure your cluster: https://www.cockroachlabs.com/docs/stable/secure-a-cluster.html
I171204 22:30:24.165577 1 server/config.go:312  available memory from cgroups (8.0 EiB) exceeds system memory 7.7 GiB, using system memory
W171204 22:30:24.165588 1 cli/start.go:697  Using the default setting for --cache (128 MiB).
  A significantly larger value is usually needed for good performance.
  If you have a dedicated server a reasonable setting is --cache=25% (1.9 GiB).
I171204 22:30:24.165623 1 cli/start.go:785  CockroachDB CCL v1.1.3 (linux amd64, built 2017/11/27 13:59:10, go1.8.3)
I171204 22:30:24.265927 1 server/config.go:312  available memory from cgroups (8.0 EiB) exceeds system memory 7.7 GiB, using system memory
I171204 22:30:24.265946 1 server/config.go:425  system total memory: 7.7 GiB
I171204 22:30:24.265983 1 server/config.go:427  server configuration:
max offset                500000000
cache size                128 MiB
SQL memory pool size      128 MiB
scan interval             10m0s
scan max idle time        200ms
metrics sample interval   10s
event log enabled         true
linearizable              false
I171204 22:30:24.266057 21 cli/start.go:503  starting cockroach node
I171204 22:30:24.266650 21 storage/engine/rocksdb.go:406  opening rocksdb instance at "/cockroach/cockroach-data/local"
I171204 22:30:24.329434 21 storage/engine/rocksdb.go:406  opening rocksdb instance at "/cockroach/cockroach-data"
I171204 22:30:24.364912 21 server/config.go:528  [n?] 1 storage engine initialized
I171204 22:30:24.364934 21 server/config.go:530  [n?] RocksDB cache size: 128 MiB
I171204 22:30:24.364947 21 server/config.go:530  [n?] store 0: RocksDB, max size 0 B, max open file limit 1043576
W171204 22:30:26.450332 50 storage/store.go:3581  [n?,s1] handle raft ready: 0.7s [processed=1]
I171204 22:30:26.450602 21 server/node.go:344  [n?] **** cluster be9043e5-a548-4755-8b63-b17b8e28f87c has been created
I171204 22:30:26.450647 21 server/server.go:836  [n?] **** add additional nodes by specifying --join=8ee98d5df52e:26257
I171204 22:30:26.452686 21 storage/store.go:1199  [n1,s1] [n1,s1]: failed initial metrics computation: [n1,s1]: system config not yet available
I171204 22:30:26.452930 21 server/node.go:461  [n1] initialized store [n1,s1]: disk (capacity=225 GiB, available=93 GiB, used=16 KiB, logicalBytes=3.2 KiB), ranges=1, leases=0, writes=0.00, bytesPerReplica={p10=3266.00 p25=3266.00 p50=3266.00 p75=3266.00 p90=3266.00}, writesPerReplica={p10=0.00 p25=0.00 p50=0.00 p75=0.00 p90=0.00}
I171204 22:30:26.452958 21 server/node.go:326  [n1] node ID 1 initialized
I171204 22:30:26.453109 21 gossip/gossip.go:327  [n1] NodeDescriptor set to node_id:1 address:<network_field:"tcp" address_field:"8ee98d5df52e:26257" > attrs:<> locality:<> ServerVersion:<major_val:1 minor_val:1 patch:0 unstable:0 > 
I171204 22:30:26.453573 21 storage/stores.go:303  [n1] read 0 node addresses from persistent storage
I171204 22:30:26.453706 21 server/node.go:606  [n1] connecting to gossip network to verify cluster ID...
I171204 22:30:26.453722 21 server/node.go:631  [n1] node connected via gossip and verified as part of cluster "be9043e5-a548-4755-8b63-b17b8e28f87c"
I171204 22:30:26.453747 21 server/node.go:403  [n1] node=1: started with [<no-attributes>=/cockroach/cockroach-data] engine(s) and attributes []
I171204 22:30:26.453861 21 sql/executor.go:408  [n1] creating distSQLPlanner with address {tcp 8ee98d5df52e:26257}
I171204 22:30:26.461252 21 server/server.go:946  [n1] starting http server at 8ee98d5df52e:8080
I171204 22:30:26.461275 21 server/server.go:947  [n1] starting grpc/postgres server at 8ee98d5df52e:26257
I171204 22:30:26.461292 21 server/server.go:948  [n1] advertising CockroachDB node at 8ee98d5df52e:26257
W171204 22:30:26.461321 21 sql/jobs/registry.go:156  [n1] unable to get node liveness: node not in the liveness table
I171204 22:30:26.488885 212 storage/replica_command.go:2734  [split,n1,s1,r1/1:/M{in-ax}] initiating a split of this range at key /System/"" [r2]
W171204 22:30:27.944549 138 storage/store.go:3581  [n1,s1] handle raft ready: 0.7s [processed=1]
E171204 22:30:28.322359 217 storage/consistency_queue.go:107  [replica consistency checker,n1,s1,r1/1:/{Min-System/}] key range /Min-/Max outside of bounds of range /Min-/System/""
W171204 22:30:28.322557 204 kv/txn_coord_sender.go:786  [split,s1,r1/1:/{Min-System/},n1] heartbeat to "split" id=594d2178 key=/Local/Range/Min/RangeDescriptor rw=true pri=0.02576513 iso=SERIALIZABLE stat=PENDING epo=0 ts=1512426626.488892990,0 orig=1512426626.488892990,0 max=1512426626.988892990,0 wto=false rop=false seq=8 failed: heartbeat for transaction "split" id=594d2178 key=/Local/Range/Min/RangeDescriptor rw=true pri=0.02576513 iso=SERIALIZABLE stat=PENDING epo=0 ts=1512426626.488892990,0 orig=1512426626.488892990,0 max=1512426626.488892990,0 wto=false rop=false seq=9 failed; record not present
I171204 22:30:28.322603 212 storage/replica_command.go:2734  [split,n1,s1,r2/1:/{System/-Max}] initiating a split of this range at key /System/NodeLiveness [r3]
W171204 22:30:29.041181 140 storage/store.go:3581  [n1,s1] handle raft ready: 0.7s [processed=1]
W171204 22:30:29.752742 143 storage/store.go:3581  [n1,s1] handle raft ready: 1.4s [processed=1]
W171204 22:30:29.761293 151 storage/store.go:3581  [n1,s1] handle raft ready: 0.7s [processed=1]
I171204 22:30:29.799536 405 gossip/server.go:232  [n1] received initial cluster-verification connection from {tcp e9f72869192a:26257}
I171204 22:30:29.814618 21 sql/event_log.go:102  [n1] Event: "alter_table", target: 12, info: {TableName:eventlog Statement:ALTER TABLE system.eventlog ALTER COLUMN "uniqueID" SET DEFAULT uuid_v4() User:node MutationID:0 CascadeDroppedViews:[]}
E171204 22:30:29.856659 148 storage/replica_proposal.go:538  [n1,s1,r2/1:/{System/-Max}] could not load SystemConfig span: must retry later due to intent on SystemConfigSpan
I171204 22:30:29.857339 212 storage/replica_command.go:2734  [split,n1,s1,r3/1:/{System/NodeL…-Max}] initiating a split of this range at key /System/NodeLivenessMax [r4]
I171204 22:30:29.882582 21 sql/lease.go:342  [n1] publish: descID=12 (eventlog) version=2 mtime=2017-12-04 22:30:29.88244007 +0000 UTC
I171204 22:30:29.894852 397 storage/stores.go:322  [n1] wrote 1 node addresses to persistent storage
E171204 22:30:29.959976 179 storage/replica_proposal.go:538  [n1,s1,r3/1:/{System/NodeL…-Max}] could not load SystemConfig span: must retry later due to intent on SystemConfigSpan
I171204 22:30:29.960602 212 storage/replica_command.go:2734  [split,n1,s1,r4/1:/{System/NodeL…-Max}] initiating a split of this range at key /System/tsd [r5]
I171204 22:30:30.070307 212 storage/replica_command.go:2734  [split,n1,s1,r5/1:/{System/tsd-Max}] initiating a split of this range at key /System/"tse" [r6]
E171204 22:30:30.151933 140 storage/replica_proposal.go:538  [n1,s1,r5/1:/{System/tsd-Max}] could not load SystemConfig span: must retry later due to intent on SystemConfigSpan
I171204 22:30:30.153020 212 storage/replica_command.go:2734  [split,n1,s1,r6/1:/{System/tse-Max}] initiating a split of this range at key /Table/SystemConfigSpan/Start [r7]
W171204 22:30:30.153361 125 storage/intent_resolver.go:342  [n1,s1,r6/1:/{System/tse-Max}]: failed to push during intent resolution: failed to push "sql txn implicit" id=33d3a8e7 key=/Table/SystemConfigSpan/Start rw=true pri=0.04188172 iso=SERIALIZABLE stat=PENDING epo=0 ts=1512426630.120714193,0 orig=1512426630.120714193,0 max=1512426630.120714193,0 wto=false rop=false seq=7
I171204 22:30:30.547887 21 sql/event_log.go:102  [n1] Event: "set_cluster_setting", target: 0, info: {SettingName:diagnostics.reporting.enabled Value:true User:node}
I171204 22:30:30.576852 212 storage/replica_command.go:2734  [split,n1,s1,r7/1:/{Table/System…-Max}] initiating a split of this range at key /Table/11 [r8]
I171204 22:30:30.657143 212 storage/replica_command.go:2734  [split,n1,s1,r8/1:/{Table/11-Max}] initiating a split of this range at key /Table/12 [r9]
I171204 22:30:30.704936 21 sql/event_log.go:102  [n1] Event: "set_cluster_setting", target: 0, info: {SettingName:version Value:1.1 User:node}
I171204 22:30:30.757280 212 storage/replica_command.go:2734  [split,n1,s1,r9/1:/{Table/12-Max}] initiating a split of this range at key /Table/13 [r10]
I171204 22:30:30.805546 693 gossip/server.go:232  [n1] received initial cluster-verification connection from {tcp f3722e8adf37:26257}
I171204 22:30:30.805783 21 sql/event_log.go:102  [n1] Event: "set_cluster_setting", target: 0, info: {SettingName:trace.debug.enable Value:false User:node}
I171204 22:30:30.833231 21 server/server.go:1090  [n1] done ensuring all necessary migrations have run
I171204 22:30:30.833258 21 server/server.go:1092  [n1] serving sql connections
I171204 22:30:30.833350 21 cli/start.go:582  node startup completed:
CockroachDB node starting at 2017-12-04 22:30:30.833282167 +0000 UTC (took 6.7s)
build:      CCL v1.1.3 @ 2017/11/27 13:59:10 (go1.8.3)
admin:      http://8ee98d5df52e:8080
sql:        postgresql://root@8ee98d5df52e:26257?application_name=cockroach&sslmode=disable
logs:       /cockroach/cockroach-data/logs
store[0]:   path=/cockroach/cockroach-data
status:     initialized new cluster
clusterID:  be9043e5-a548-4755-8b63-b17b8e28f87c
nodeID:     1
I171204 22:30:30.841349 212 storage/replica_command.go:2734  [split,n1,s1,r10/1:/{Table/13-Max}] initiating a split of this range at key /Table/14 [r11]
I171204 22:30:30.891416 667 storage/stores.go:322  [n1] wrote 2 node addresses to persistent storage
I171204 22:30:30.897515 695 sql/event_log.go:102  [n1] Event: "node_join", target: 1, info: {Descriptor:{NodeID:1 Address:{NetworkField:tcp AddressField:8ee98d5df52e:26257} Attrs: Locality: ServerVersion:1.1} ClusterID:be9043e5-a548-4755-8b63-b17b8e28f87c StartedAt:1512426626453725268 LastUp:1512426626453725268}
I171204 22:30:30.919338 33 storage/replica_raftstorage.go:516  [replicate,n1,s1,r2/1:/System/{-NodeLive…}] generated preemptive snapshot 72c6df38 at index 22
I171204 22:30:30.921511 33 storage/store.go:3494  [replicate,n1,s1,r2/1:/System/{-NodeLive…}] streamed snapshot to (n2,s2):?: kv pairs: 9, log entries: 12, rate-limit: 8.0 MiB/sec, 1ms
I171204 22:30:30.925212 212 storage/replica_command.go:2734  [split,n1,s1,r11/1:/{Table/14-Max}] initiating a split of this range at key /Table/15 [r12]
I171204 22:30:30.931636 33 storage/replica_command.go:3671  [replicate,n1,s1,r2/1:/System/{-NodeLive…}] change replicas (ADD_REPLICA (n2,s2):2): read existing descriptor r2:/System/{-NodeLiveness} [(n1,s1):1, next=2]
I171204 22:30:30.973373 656 storage/replica.go:3055  [n1,s1,r2/1:/System/{-NodeLive…}] proposing ADD_REPLICA((n2,s2):2): updated=[(n1,s1):1 (n2,s2):2] next=3
I171204 22:30:30.987905 33 storage/replica_raftstorage.go:516  [replicate,n1,s1,r6/1:/{System/tse-Table/System…}] generated preemptive snapshot e82bc94b at index 18
I171204 22:30:30.989037 33 storage/store.go:3494  [replicate,n1,s1,r6/1:/{System/tse-Table/System…}] streamed snapshot to (n3,s3):?: kv pairs: 11, log entries: 8, rate-limit: 8.0 MiB/sec, 1ms
I171204 22:30:31.002331 33 storage/replica_command.go:3671  [replicate,n1,s1,r6/1:/{System/tse-Table/System…}] change replicas (ADD_REPLICA (n3,s3):2): read existing descriptor r6:/{System/tse-Table/SystemConfigSpan/Start} [(n1,s1):1, next=2]
I171204 22:30:31.334173 212 storage/replica_command.go:2734  [split,n1,s1,r12/1:/{Table/15-Max}] initiating a split of this range at key /Table/16 [r13]
I171204 22:30:32.110022 849 storage/replica.go:3055  [n1,s1,r6/1:/{System/tse-Table/System…}] proposing ADD_REPLICA((n3,s3):2): updated=[(n1,s1):1 (n3,s3):2] next=3
I171204 22:30:32.132561 33 storage/replica_raftstorage.go:516  [replicate,n1,s1,r1/1:/{Min-System/}] generated preemptive snapshot e3c7e82c at index 54
I171204 22:30:32.134683 33 storage/store.go:3494  [replicate,n1,s1,r1/1:/{Min-System/}] streamed snapshot to (n3,s3):?: kv pairs: 43, log entries: 33, rate-limit: 8.0 MiB/sec, 2ms
I171204 22:30:32.144972 33 storage/replica_command.go:3671  [replicate,n1,s1,r1/1:/{Min-System/}] change replicas (ADD_REPLICA (n3,s3):2): read existing descriptor r1:/{Min-System/} [(n1,s1):1, next=2]
I171204 22:30:32.152301 212 storage/replica_command.go:2734  [split,n1,s1,r13/1:/{Table/16-Max}] initiating a split of this range at key /Table/17 [r14]
I171204 22:30:32.190843 952 storage/replica.go:3055  [n1,s1,r1/1:/{Min-System/}] proposing ADD_REPLICA((n3,s3):2): updated=[(n1,s1):1 (n3,s3):2] next=3
I171204 22:30:32.191032 216 storage/replica_raftstorage.go:516  [raftsnapshot,n1,s1,r6/1:/{System/tse-Table/System…}] generated Raft snapshot 16aee945 at index 20
I171204 22:30:32.191788 216 storage/store.go:3494  [raftsnapshot,n1,s1,r6/1:/{System/tse-Table/System…}] streamed snapshot to (n3,s3):2: kv pairs: 13, log entries: 10, rate-limit: 8.0 MiB/sec, 1ms
I171204 22:30:32.534406 33 storage/replica_raftstorage.go:516  [replicate,n1,s1,r4/1:/System/{NodeLive…-tsd}] generated preemptive snapshot 77c8f701 at index 38
I171204 22:30:32.536137 33 storage/store.go:3494  [replicate,n1,s1,r4/1:/System/{NodeLive…-tsd}] streamed snapshot to (n2,s2):?: kv pairs: 37, log entries: 28, rate-limit: 8.0 MiB/sec, 2ms
I171204 22:30:32.572370 33 storage/replica_command.go:3671  [replicate,n1,s1,r4/1:/System/{NodeLive…-tsd}] change replicas (ADD_REPLICA (n2,s2):2): read existing descriptor r4:/System/{NodeLivenessMax-tsd} [(n1,s1):1, next=2]
I171204 22:30:33.323728 212 storage/replica_command.go:2734  [split,n1,s1,r14/1:/{Table/17-Max}] initiating a split of this range at key /Table/18 [r15]
I171204 22:30:33.341155 862 storage/replica.go:3055  [n1,s1,r4/1:/System/{NodeLive…-tsd}] proposing ADD_REPLICA((n2,s2):2): updated=[(n1,s1):1 (n2,s2):2] next=3
I171204 22:30:33.363809 33 storage/replica_raftstorage.go:516  [replicate,n1,s1,r9/1:/Table/1{2-3}] generated preemptive snapshot 3c9cb8a7 at index 24
I171204 22:30:33.364431 33 storage/store.go:3494  [replicate,n1,s1,r9/1:/Table/1{2-3}] streamed snapshot to (n2,s2):?: kv pairs: 46, log entries: 14, rate-limit: 8.0 MiB/sec, 1ms
I171204 22:30:33.376401 33 storage/replica_command.go:3671  [replicate,n1,s1,r9/1:/Table/1{2-3}] change replicas (ADD_REPLICA (n2,s2):2): read existing descriptor r9:/Table/1{2-3} [(n1,s1):1, next=2]
I171204 22:30:33.790794 1027 storage/replica.go:3055  [n1,s1,r9/1:/Table/1{2-3}] proposing ADD_REPLICA((n2,s2):2): updated=[(n1,s1):1 (n2,s2):2] next=3
I171204 22:30:33.790834 212 storage/replica_command.go:2734  [split,n1,s1,r15/1:/{Table/18-Max}] initiating a split of this range at key /Table/19 [r16]
I171204 22:30:34.115835 216 storage/replica_raftstorage.go:516  [raftsnapshot,n1,s1,r4/1:/System/{NodeLive…-tsd}] generated Raft snapshot 6308de28 at index 40
I171204 22:30:34.116925 216 storage/store.go:3494  [raftsnapshot,n1,s1,r4/1:/System/{NodeLive…-tsd}] streamed snapshot to (n2,s2):2: kv pairs: 39, log entries: 30, rate-limit: 8.0 MiB/sec, 1ms
I171204 22:30:34.143596 33 storage/replica_raftstorage.go:516  [replicate,n1,s1,r8/1:/Table/1{1-2}] generated preemptive snapshot bdf9b488 at index 18
I171204 22:30:34.144144 33 storage/store.go:3494  [replicate,n1,s1,r8/1:/Table/1{1-2}] streamed snapshot to (n3,s3):?: kv pairs: 11, log entries: 8, rate-limit: 8.0 MiB/sec, 0ms
I171204 22:30:34.514983 33 storage/replica_command.go:3671  [replicate,n1,s1,r8/1:/Table/1{1-2}] change replicas (ADD_REPLICA (n3,s3):2): read existing descriptor r8:/Table/1{1-2} [(n1,s1):1, next=2]
I171204 22:30:34.926005 1131 storage/replica.go:3055  [n1,s1,r8/1:/Table/1{1-2}] proposing ADD_REPLICA((n3,s3):2): updated=[(n1,s1):1 (n3,s3):2] next=3
I171204 22:30:35.338355 173 storage/replica_proposal.go:453  [replicate,n1,s1,r7/1:/Table/{SystemCon…-11}] new range lease repl=(n1,s1):1 start=0.000000000,0 epo=1 pro=1512426635.314726106,0 following repl=(n1,s1):1 start=0.000000000,0 exp=1512426635.451733895,0 pro=1512426626.451769432,0
I171204 22:30:35.338442 169 storage/replica_proposal.go:453  [n1,s1,r10/1:/Table/1{3-4}] new range lease repl=(n1,s1):1 start=0.000000000,0 epo=1 pro=1512426635.315016593,0 following repl=(n1,s1):1 start=0.000000000,0 exp=1512426635.451733895,0 pro=1512426626.451769432,0
I171204 22:30:35.338852 33 storage/replica_raftstorage.go:516  [replicate,n1,s1,r7/1:/Table/{SystemCon…-11}] generated preemptive snapshot 3c410f70 at index 26
I171204 22:30:35.339551 33 storage/store.go:3494  [replicate,n1,s1,r7/1:/Table/{SystemCon…-11}] streamed snapshot to (n3,s3):?: kv pairs: 46, log entries: 16, rate-limit: 8.0 MiB/sec, 1ms
I171204 22:30:35.362778 33 storage/replica_command.go:3671  [replicate,n1,s1,r7/1:/Table/{SystemCon…-11}] change replicas (ADD_REPLICA (n3,s3):2): read existing descriptor r7:/Table/{SystemConfigSpan/Start-11} [(n1,s1):1, next=2]
I171204 22:30:35.371923 176 storage/replica_proposal.go:453  [n1,s1,r15/1:/Table/1{8-9}] new range lease repl=(n1,s1):1 start=0.000000000,0 epo=1 pro=1512426635.349577663,0 following repl=(n1,s1):1 start=0.000000000,0 exp=1512426635.451733895,0 pro=1512426626.451769432,0
I171204 22:30:35.406798 216 storage/replica_raftstorage.go:516  [raftsnapshot,n1,s1,r8/1:/Table/1{1-2}] generated Raft snapshot 2639a23f at index 20
I171204 22:30:35.407698 216 storage/store.go:3494  [raftsnapshot,n1,s1,r8/1:/Table/1{1-2}] streamed snapshot to (n3,s3):2: kv pairs: 13, log entries: 10, rate-limit: 8.0 MiB/sec, 1ms
I171204 22:30:35.425842 1115 storage/replica.go:3055  [n1,s1,r7/1:/Table/{SystemCon…-11}] proposing ADD_REPLICA((n3,s3):2): updated=[(n1,s1):1 (n3,s3):2] next=3
I171204 22:30:35.783645 155 storage/replica_proposal.go:453  [n1,s1,r8/1:/Table/1{1-2}] new range lease repl=(n1,s1):1 start=0.000000000,0 epo=1 pro=1512426635.366238401,0 following repl=(n1,s1):1 start=0.000000000,0 exp=1512426635.451733895,0 pro=1512426626.451769432,0
I171204 22:30:35.794009 33 storage/replica_raftstorage.go:516  [replicate,n1,s1,r3/1:/System/NodeLiveness{-Max}] generated preemptive snapshot a9427549 at index 36
I171204 22:30:35.794616 33 storage/store.go:3494  [replicate,n1,s1,r3/1:/System/NodeLiveness{-Max}] streamed snapshot to (n2,s2):?: kv pairs: 17, log entries: 9, rate-limit: 8.0 MiB/sec, 0ms
I171204 22:30:35.810068 33 storage/replica_command.go:3671  [replicate,n1,s1,r3/1:/System/NodeLiveness{-Max}] change replicas (ADD_REPLICA (n2,s2):2): read existing descriptor r3:/System/NodeLiveness{-Max} [(n1,s1):1, next=2]
I171204 22:30:36.454759 227 storage/store.go:4174  [n1,s1] sstables (read amplification = 0):
I171204 22:30:36.454911 227 storage/store.go:4175  [n1,s1] 
** Compaction Stats [default] **
Level    Files   Size     Score Read(GB)  Rn(GB) Rnp1(GB) Write(GB) Wnew(GB) Moved(GB) W-Amp Rd(MB/s) Wr(MB/s) Comp(sec) Comp(cnt) Avg(sec) KeyIn KeyDrop
----------------------------------------------------------------------------------------------------------------------------------------------------------
 Sum      0/0    0.00 KB   0.0      0.0     0.0      0.0       0.0      0.0       0.0   0.0      0.0      0.0         0         0    0.000       0      0
 Int      0/0    0.00 KB   0.0      0.0     0.0      0.0       0.0      0.0       0.0   0.0      0.0      0.0         0         0    0.000       0      0
Uptime(secs): 12.1 total, 12.1 interval
Flush(GB): cumulative 0.000, interval 0.000
AddFile(GB): cumulative 0.000, interval 0.000
AddFile(Total Files): cumulative 0, interval 0
AddFile(L0 Files): cumulative 0, interval 0
AddFile(Keys): cumulative 0, interval 0
Cumulative compaction: 0.00 GB write, 0.00 MB/s write, 0.00 GB read, 0.00 MB/s read, 0.0 seconds
Interval compaction: 0.00 GB write, 0.00 MB/s write, 0.00 GB read, 0.00 MB/s read, 0.0 seconds
Stalls(count): 0 level0_slowdown, 0 level0_slowdown_with_compaction, 0 level0_numfiles, 0 level0_numfiles_with_compaction, 0 stop for pending_compaction_bytes, 0 slowdown for pending_compaction_bytes, 0 memtable_compaction, 0 memtable_slowdown, interval 0 total count
I171204 22:30:36.454911 230 server/status/runtime.go:223  [n1] runtime stats: 140 MiB RSS, 204 goroutines, 15 MiB/4.9 MiB/32 MiB GO alloc/idle/total, 16 MiB/20 MiB CGO alloc/total, 0.00cgo/sec, 0.00/0.00 %(u/s)time, 0.00 %gc (12x)
W171204 22:30:36.516919 152 storage/store.go:3581  [n1,s1] handle raft ready: 0.7s [processed=0]
W171204 22:30:36.517004 142 storage/store.go:3581  [n1,s1] handle raft ready: 0.7s [processed=0]
W171204 22:30:36.517127 162 storage/store.go:3581  [n1,s1] handle raft ready: 0.7s [processed=1]
W171204 22:30:37.208467 183 storage/store.go:3581  [n1,s1] handle raft ready: 0.7s [processed=1]
I171204 22:30:37.899375 132 storage/replica_proposal.go:453  [n1,s1,r5/1:/System/ts{d-e}] new range lease repl=(n1,s1):1 start=0.000000000,0 epo=1 pro=1512426637.214779127,0 following repl=(n1,s1):1 start=0.000000000,0 exp=1512426635.451733895,0 pro=1512426626.451769432,0
W171204 22:30:37.899612 132 storage/store.go:3581  [n1,s1] handle raft ready: 0.7s [processed=1]
W171204 22:30:37.926239 139 storage/store.go:3581  [n1,s1] handle raft ready: 0.7s [processed=0]
W171204 22:30:37.926239 136 storage/store.go:3581  [n1,s1] handle raft ready: 0.7s [processed=0]
I171204 22:30:38.274969 1251 storage/replica.go:3055  [n1,s1,r3/1:/System/NodeLiveness{-Max}] proposing ADD_REPLICA((n2,s2):2): updated=[(n1,s1):1 (n2,s2):2] next=3
W171204 22:30:38.657305 168 storage/store.go:3581  [n1,s1] handle raft ready: 0.7s [processed=0]
W171204 22:30:38.668919 1235 storage/replica.go:2696  [n1,s1,r3/1:/System/NodeLiveness{-Max}] context cancellation after 0.2s of attempting command [txn: 6a57d53f], HeartbeatTxn [/Local/Range/System/NodeLiveness/RangeDescriptor,/Min)
W171204 22:30:38.669002 1133 kv/txn_coord_sender.go:786  [replicate,s1,r3/1:/System/NodeLiveness{-Max},n1] heartbeat to "change-replica" id=6a57d53f key=/Local/Range/System/NodeLiveness/RangeDescriptor rw=true pri=0.00368999 iso=SERIALIZABLE stat=PENDING epo=0 ts=1512426635.809829381,0 orig=1512426635.809829381,0 max=1512426636.309829381,0 wto=false rop=false seq=9 failed: result is ambiguous (context canceled)
I171204 22:30:38.669130 33 storage/replica_raftstorage.go:516  [replicate,n1,s1,r5/1:/System/ts{d-e}] generated preemptive snapshot 9ba6ab63 at index 23
I171204 22:30:38.674878 33 storage/store.go:3494  [replicate,n1,s1,r5/1:/System/ts{d-e}] streamed snapshot to (n2,s2):?: kv pairs: 916, log entries: 2, rate-limit: 8.0 MiB/sec, 6ms
I171204 22:30:39.031080 33 storage/replica_command.go:3671  [replicate,n1,s1,r5/1:/System/ts{d-e}] change replicas (ADD_REPLICA (n2,s2):2): read existing descriptor r5:/System/ts{d-e} [(n1,s1):1, next=2]
W171204 22:30:39.748697 138 storage/store.go:3581  [n1,s1] handle raft ready: 0.7s [processed=0]
W171204 22:30:39.749021 149 storage/store.go:3581  [n1,s1] handle raft ready: 0.7s [processed=1]
W171204 22:30:40.115335 154 storage/store.go:3581  [n1,s1] handle raft ready: 0.7s [processed=0]
W171204 22:30:40.115498 167 storage/store.go:3581  [n1,s1] handle raft ready: 0.7s [processed=1]
I171204 22:30:40.115544 216 storage/replica_raftstorage.go:516  [raftsnapshot,n1,s1,r3/1:/System/NodeLiveness{-Max}] generated Raft snapshot 138c1b82 at index 39
I171204 22:30:40.116447 216 storage/store.go:3494  [raftsnapshot,n1,s1,r3/1:/System/NodeLiveness{-Max}] streamed snapshot to (n2,s2):2: kv pairs: 19, log entries: 12, rate-limit: 8.0 MiB/sec, 1ms
W171204 22:30:40.885736 186 storage/store.go:3581  [n1,s1] handle raft ready: 0.7s [processed=0]
W171204 22:30:41.956539 132 storage/store.go:3581  [n1,s1] handle raft ready: 1.1s [processed=0]
W171204 22:30:41.956593 136 storage/store.go:3581  [n1,s1] handle raft ready: 0.7s [processed=0]
W171204 22:30:41.957365 147 storage/store.go:3581  [n1,s1] handle raft ready: 1.0s [processed=1]
W171204 22:30:42.707008 159 storage/store.go:3581  [n1,s1] handle raft ready: 0.7s [processed=1]
I171204 22:30:42.707240 1180 storage/replica.go:3055  [n1,s1,r5/1:/System/ts{d-e}] proposing ADD_REPLICA((n2,s2):2): updated=[(n1,s1):1 (n2,s2):2] next=3
I171204 22:30:42.729950 33 storage/queue.go:723  [n1,replicate] purgatory is now empty
I171204 22:30:42.730215 213 storage/replica_raftstorage.go:516  [replicate,n1,s1,r10/1:/Table/1{3-4}] generated preemptive snapshot 4fe6c4fd at index 46
I171204 22:30:42.731285 213 storage/store.go:3494  [replicate,n1,s1,r10/1:/Table/1{3-4}] streamed snapshot to (n3,s3):?: kv pairs: 171, log entries: 36, rate-limit: 8.0 MiB/sec, 1ms
I171204 22:30:42.746795 213 storage/replica_command.go:3671  [replicate,n1,s1,r10/1:/Table/1{3-4}] change replicas (ADD_REPLICA (n3,s3):2): read existing descriptor r10:/Table/1{3-4} [(n1,s1):1, next=2]
W171204 22:30:43.853962 153 storage/store.go:3581  [n1,s1] handle raft ready: 0.7s [processed=0]
W171204 22:30:43.854293 139 storage/store.go:3581  [n1,s1] handle raft ready: 0.7s [processed=0]
W171204 22:30:44.189629 152 storage/store.go:3581  [n1,s1] handle raft ready: 1.1s [processed=1]
W171204 22:30:44.584081 147 storage/store.go:3581  [n1,s1] handle raft ready: 0.7s [processed=0]
W171204 22:30:45.649544 1387 storage/replica.go:2696  [n1,s1,r3/1:/System/NodeLiveness{-Max}] context cancellation after 2.2s of attempting command [txn: bd46c8fc], BeginTransaction [/System/NodeLiveness/2,/Min), ConditionalPut [/System/NodeLiveness/2,/Min), EndTransaction [/System/NodeLiveness/2,/Min)
W171204 22:30:45.976009 170 storage/store.go:3581  [n1,s1] handle raft ready: 1.4s [processed=0]
W171204 22:30:45.976020 193 storage/store.go:3581  [n1,s1] handle raft ready: 1.4s [processed=0]
W171204 22:30:45.976078 182 storage/store.go:3581  [n1,s1] handle raft ready: 1.1s [processed=0]
W171204 22:30:46.352541 189 storage/store.go:3581  [n1,s1] handle raft ready: 1.4s [processed=0]
W171204 22:30:46.352711 131 storage/store.go:3581  [n1,s1] handle raft ready: 1.2s [processed=1]
I171204 22:30:46.352834 216 storage/replica_raftstorage.go:516  [raftsnapshot,n1,s1,r5/1:/System/ts{d-e}] generated Raft snapshot 5a959b49 at index 30
I171204 22:30:46.363530 216 storage/store.go:3494  [raftsnapshot,n1,s1,r5/1:/System/ts{d-e}] streamed snapshot to (n2,s2):2: kv pairs: 1234, log entries: 8, rate-limit: 8.0 MiB/sec, 11ms
I171204 22:30:46.454573 230 server/status/runtime.go:223  [n1] runtime stats: 143 MiB RSS, 205 goroutines, 12 MiB/9.7 MiB/34 MiB GO alloc/idle/total, 15 MiB/20 MiB CGO alloc/total, 419.81cgo/sec, 0.02/0.01 %(u/s)time, 0.00 %gc (3x)
W171204 22:30:46.647125 1377 storage/replica.go:2696  [n1,s1,r3/1:/System/NodeLiveness{-Max}] context cancellation after 2.2s of attempting command [txn: 83e2ccfa], BeginTransaction [/System/NodeLiveness/3,/Min), ConditionalPut [/System/NodeLiveness/3,/Min), EndTransaction [/System/NodeLiveness/3,/Min)
W171204 22:30:46.711867 1338 storage/replica.go:2696  [n1,s1,r3/1:/System/NodeLiveness{-Max}] context cancellation after 2.2s of attempting command [txn: 5bf9fb84], BeginTransaction [/System/NodeLiveness/1,/Min), ConditionalPut [/System/NodeLiveness/1,/Min), EndTransaction [/System/NodeLiveness/1,/Min)
W171204 22:30:46.712028 278 storage/node_liveness.go:399  [n1,hb] slow heartbeat took 2.3s
W171204 22:30:46.712042 278 storage/node_liveness.go:342  [n1,hb] failed node liveness heartbeat: context deadline exceeded
W171204 22:30:47.403557 134 storage/store.go:3581  [n1,s1] handle raft ready: 0.8s [processed=0]
W171204 22:30:47.403684 136 storage/store.go:3581  [n1,s1] handle raft ready: 1.1s [processed=1]
I171204 22:30:47.404082 1309 storage/replica.go:3055  [n1,s1,r10/1:/Table/1{3-4}] proposing ADD_REPLICA((n3,s3):2): updated=[(n1,s1):1 (n3,s3):2] next=3
W171204 22:30:47.441071 1378 kv/txn_coord_sender.go:786  [replicate,s1,r10/1:/Table/1{3-4},n1] heartbeat to "change-replica" id=1479cb00 key=/Local/Range/Table/13/RangeDescriptor rw=true pri=0.09691482 iso=SERIALIZABLE stat=PENDING epo=0 ts=1512426642.746510736,0 orig=1512426642.746510736,0 max=1512426643.246510736,0 wto=false rop=false seq=9 failed: context canceled
I171204 22:30:47.797797 183 storage/replica_proposal.go:453  [replicate,n1,s1,r11/1:/Table/1{4-5}] new range lease repl=(n1,s1):1 start=0.000000000,0 epo=1 pro=1512426647.441121997,0 following repl=(n1,s1):1 start=0.000000000,0 exp=1512426635.451733895,0 pro=1512426626.451769432,0
I171204 22:30:47.798133 213 storage/replica_raftstorage.go:516  [replicate,n1,s1,r11/1:/Table/1{4-5}] generated preemptive snapshot be6f1ebd at index 16
I171204 22:30:47.798690 213 storage/store.go:3494  [replicate,n1,s1,r11/1:/Table/1{4-5}] streamed snapshot to (n3,s3):?: kv pairs: 11, log entries: 6, rate-limit: 8.0 MiB/sec, 0ms
I171204 22:30:47.816625 213 storage/replica_command.go:3671  [replicate,n1,s1,r11/1:/Table/1{4-5}] change replicas (ADD_REPLICA (n3,s3):2): read existing descriptor r11:/Table/1{4-5} [(n1,s1):1, next=2]
I171204 22:30:48.562031 216 storage/replica_raftstorage.go:516  [raftsnapshot,n1,s1,r10/1:/Table/1{3-4}] generated Raft snapshot 4cb6e5e3 at index 55
I171204 22:30:48.563403 216 storage/store.go:3494  [raftsnapshot,n1,s1,r10/1:/Table/1{3-4}] streamed snapshot to (n3,s3):2: kv pairs: 163, log entries: 45, rate-limit: 8.0 MiB/sec, 1ms
I171204 22:30:49.334739 1444 storage/replica.go:3055  [n1,s1,r11/1:/Table/1{4-5}] proposing ADD_REPLICA((n3,s3):2): updated=[(n1,s1):1 (n3,s3):2] next=3
I171204 22:30:49.344975 213 storage/replica_raftstorage.go:516  [replicate,n1,s1,r15/1:/Table/1{8-9}] generated preemptive snapshot d8db9c21 at index 16
I171204 22:30:49.345563 213 storage/store.go:3494  [replicate,n1,s1,r15/1:/Table/1{8-9}] streamed snapshot to (n2,s2):?: kv pairs: 11, log entries: 6, rate-limit: 8.0 MiB/sec, 0ms
I171204 22:30:49.701388 213 storage/replica_command.go:3671  [replicate,n1,s1,r15/1:/Table/1{8-9}] change replicas (ADD_REPLICA (n2,s2):2): read existing descriptor r15:/Table/1{8-9} [(n1,s1):1, next=2]
W171204 22:30:50.411673 194 storage/store.go:3581  [n1,s1] handle raft ready: 0.6s [processed=0]
I171204 22:30:51.154100 216 storage/replica_raftstorage.go:516  [raftsnapshot,n1,s1,r11/1:/Table/1{4-5}] generated Raft snapshot 71f8b1fa at index 19
I171204 22:30:51.154899 216 storage/store.go:3494  [raftsnapshot,n1,s1,r11/1:/Table/1{4-5}] streamed snapshot to (n3,s3):2: kv pairs: 13, log entries: 9, rate-limit: 8.0 MiB/sec, 1ms
I171204 22:30:51.165712 1339 storage/replica.go:3055  [n1,s1,r15/1:/Table/1{8-9}] proposing ADD_REPLICA((n2,s2):2): updated=[(n1,s1):1 (n2,s2):2] next=3
I171204 22:30:51.891542 160 storage/replica_proposal.go:453  [replicate,n1,s1,r14/1:/Table/1{7-8}] new range lease repl=(n1,s1):1 start=0.000000000,0 epo=1 pro=1512426651.534907727,0 following repl=(n1,s1):1 start=0.000000000,0 exp=1512426635.451733895,0 pro=1512426626.451769432,0
I171204 22:30:51.892043 213 storage/replica_raftstorage.go:516  [replicate,n1,s1,r14/1:/Table/1{7-8}] generated preemptive snapshot 9e010443 at index 16
I171204 22:30:51.892598 213 storage/store.go:3494  [replicate,n1,s1,r14/1:/Table/1{7-8}] streamed snapshot to (n2,s2):?: kv pairs: 11, log entries: 6, rate-limit: 8.0 MiB/sec, 0ms
W171204 22:30:52.244630 140 storage/store.go:3581  [n1,s1] handle raft ready: 0.7s [processed=0]
W171204 22:30:52.594112 133 storage/store.go:3581  [n1,s1] handle raft ready: 0.7s [processed=0]
W171204 22:30:52.594124 156 storage/store.go:3581  [n1,s1] handle raft ready: 0.6s [processed=0]
W171204 22:30:52.594147 167 storage/store.go:3581  [n1,s1] handle raft ready: 0.5s [processed=0]
W171204 22:30:52.594113 161 storage/store.go:3581  [n1,s1] handle raft ready: 0.7s [processed=0]
I171204 22:30:52.594841 213 storage/replica_command.go:3671  [replicate,n1,s1,r14/1:/Table/1{7-8}] change replicas (ADD_REPLICA (n2,s2):2): read existing descriptor r14:/Table/1{7-8} [(n1,s1):1, next=2]
W171204 22:30:53.711277 155 storage/store.go:3581  [n1,s1] handle raft ready: 0.8s [processed=0]
I171204 22:30:53.711538 216 storage/replica_raftstorage.go:516  [raftsnapshot,n1,s1,r15/1:/Table/1{8-9}] generated Raft snapshot 620c148a at index 19
I171204 22:30:53.712215 216 storage/store.go:3494  [raftsnapshot,n1,s1,r15/1:/Table/1{8-9}] streamed snapshot to (n2,s2):2: kv pairs: 13, log entries: 9, rate-limit: 8.0 MiB/sec, 0ms
W171204 22:30:54.415558 159 storage/store.go:3581  [n1,s1] handle raft ready: 0.7s [processed=0]
I171204 22:30:54.448954 1449 storage/replica.go:3055  [n1,s1,r14/1:/Table/1{7-8}] proposing ADD_REPLICA((n2,s2):2): updated=[(n1,s1):1 (n2,s2):2] next=3
W171204 22:30:54.806634 1550 storage/replica.go:2696  [n1,s1,r14/1:/Table/1{7-8}] context cancellation after 0.2s of attempting command [txn: 1485c2c8], HeartbeatTxn [/Local/Range/Table/17/RangeDescriptor,/Min)
W171204 22:30:54.806782 1434 kv/txn_coord_sender.go:786  [replicate,s1,r14/1:/Table/1{7-8},n1] heartbeat to "change-replica" id=1485c2c8 key=/Local/Range/Table/17/RangeDescriptor rw=true pri=0.02257009 iso=SERIALIZABLE stat=PENDING epo=0 ts=1512426652.594626805,0 orig=1512426652.594626805,0 max=1512426653.094626805,0 wto=false rop=false seq=9 failed: result is ambiguous (context canceled)
I171204 22:30:54.807143 213 storage/replica_raftstorage.go:516  [replicate,n1,s1,r8/1:/Table/1{1-2}] generated preemptive snapshot 6e6f513a at index 22
I171204 22:30:54.807985 213 storage/store.go:3494  [replicate,n1,s1,r8/1:/Table/1{1-2}] streamed snapshot to (n2,s2):?: kv pairs: 12, log entries: 12, rate-limit: 8.0 MiB/sec, 1ms
I171204 22:30:54.823917 213 storage/replica_command.go:3671  [replicate,n1,s1,r8/1:/Table/1{1-2}] change replicas (ADD_REPLICA (n2,s2):3): read existing descriptor r8:/Table/1{1-2} [(n1,s1):1, (n3,s3):2, next=3]
I171204 22:30:55.189761 216 storage/replica_raftstorage.go:516  [raftsnapshot,n1,s1,r14/1:/Table/1{7-8}] generated Raft snapshot 794ef0f7 at index 19
I171204 22:30:55.191098 216 storage/store.go:3494  [raftsnapshot,n1,s1,r14/1:/Table/1{7-8}] streamed snapshot to (n2,s2):2: kv pairs: 13, log entries: 9, rate-limit: 8.0 MiB/sec, 1ms
I171204 22:30:56.454596 230 server/status/runtime.go:223  [n1] runtime stats: 143 MiB RSS, 197 goroutines, 21 MiB/1.9 MiB/34 MiB GO alloc/idle/total, 15 MiB/21 MiB CGO alloc/total, 264.70cgo/sec, 0.02/0.01 %(u/s)time, 0.00 %gc (2x)
W171204 22:30:56.602077 144 storage/store.go:3581  [n1,s1] handle raft ready: 0.7s [processed=0]
I171204 22:30:56.958827 160 storage/replica_proposal.go:453  [n1,s1,r12/1:/Table/1{5-6}] new range lease repl=(n1,s1):1 start=0.000000000,0 epo=1 pro=1512426656.465300208,0 following repl=(n1,s1):1 start=0.000000000,0 exp=1512426635.451733895,0 pro=1512426626.451769432,0
W171204 22:30:57.309025 161 storage/store.go:3581  [n1,s1] handle raft ready: 0.7s [processed=0]
I171204 22:30:57.312191 1566 storage/replica.go:3055  [n1,s1,r8/1:/Table/1{1-2}] proposing ADD_REPLICA((n2,s2):3): updated=[(n1,s1):1 (n3,s3):2 (n2,s2):3] next=4
I171204 22:30:57.345085 213 storage/replica_raftstorage.go:516  [replicate,n1,s1,r15/1:/Table/1{8-9}] generated preemptive snapshot 6b1ae72c at index 21
I171204 22:30:57.345735 213 storage/store.go:3494  [replicate,n1,s1,r15/1:/Table/1{8-9}] streamed snapshot to (n3,s3):?: kv pairs: 12, log entries: 11, rate-limit: 8.0 MiB/sec, 1ms
I171204 22:30:57.367659 213 storage/replica_command.go:3671  [replicate,n1,s1,r15/1:/Table/1{8-9}] change replicas (ADD_REPLICA (n3,s3):3): read existing descriptor r15:/Table/1{8-9} [(n1,s1):1, (n2,s2):2, next=3]
W171204 22:30:58.438010 183 storage/store.go:3581  [n1,s1] handle raft ready: 0.5s [processed=0]
I171204 22:30:58.438628 216 storage/replica_raftstorage.go:516  [raftsnapshot,n1,s1,r8/1:/Table/1{1-2}] generated Raft snapshot c9b0ac3c at index 26
I171204 22:30:58.439342 216 storage/store.go:3494  [raftsnapshot,n1,s1,r8/1:/Table/1{1-2}] streamed snapshot to (n2,s2):3: kv pairs: 13, log entries: 16, rate-limit: 8.0 MiB/sec, 1ms
I171204 22:30:59.537740 1730 storage/replica.go:3055  [n1,s1,r15/1:/Table/1{8-9}] proposing ADD_REPLICA((n3,s3):3): updated=[(n1,s1):1 (n2,s2):2 (n3,s3):3] next=4
W171204 22:30:59.553045 278 storage/node_liveness.go:399  [n1,hb] slow heartbeat took 1.6s
I171204 22:31:00.085896 42 gossip/gossip.go:1255  [n1] node has connected to cluster via gossip
I171204 22:31:00.086080 42 storage/stores.go:322  [n1] wrote 2 node addresses to persistent storage
W171204 22:31:00.279414 1652 storage/replica.go:2696  [n1,s1,r15/1:/Table/1{8-9}] context cancellation after 0.5s of attempting command [txn: 8d84fe9a], HeartbeatTxn [/Local/Range/Table/18/RangeDescriptor,/Min)
W171204 22:31:00.279569 1639 kv/txn_coord_sender.go:786  [replicate,s1,r15/1:/Table/1{8-9},n1] heartbeat to "change-replica" id=8d84fe9a key=/Local/Range/Table/18/RangeDescriptor rw=true pri=0.03684536 iso=SERIALIZABLE stat=PENDING epo=0 ts=1512426657.367379007,0 orig=1512426657.367379007,0 max=1512426657.867379007,0 wto=false rop=false seq=9 failed: result is ambiguous (context canceled)
I171204 22:31:00.279768 213 storage/replica_raftstorage.go:516  [replicate,n1,s1,r14/1:/Table/1{7-8}] generated preemptive snapshot fb0e4630 at index 21
I171204 22:31:00.280419 213 storage/store.go:3494  [replicate,n1,s1,r14/1:/Table/1{7-8}] streamed snapshot to (n3,s3):?: kv pairs: 12, log entries: 11, rate-limit: 8.0 MiB/sec, 1ms
I171204 22:31:00.300876 213 storage/replica_command.go:3671  [replicate,n1,s1,r14/1:/Table/1{7-8}] change replicas (ADD_REPLICA (n3,s3):3): read existing descriptor r14:/Table/1{7-8} [(n1,s1):1, (n2,s2):2, next=3]
W171204 22:31:01.008502 138 storage/store.go:3581  [n1,s1] handle raft ready: 0.6s [processed=0]
I171204 22:31:02.455701 1712 storage/replica.go:3055  [n1,s1,r14/1:/Table/1{7-8}] proposing ADD_REPLICA((n3,s3):3): updated=[(n1,s1):1 (n2,s2):2 (n3,s3):3] next=4
W171204 22:31:03.522799 135 storage/store.go:3581  [n1,s1] handle raft ready: 0.7s [processed=0]
W171204 22:31:03.522799 186 storage/store.go:3581  [n1,s1] handle raft ready: 0.7s [processed=0]
W171204 22:31:03.523637 1768 storage/replica.go:2141  [n1,s1,r14/1:/Table/1{7-8}] context canceled while in command queue: [txn: f2c9fa46], HeartbeatTxn [/Local/Range/Table/17/RangeDescriptor,/Min)
W171204 22:31:03.523731 1702 kv/txn_coord_sender.go:786  [replicate,s1,r14/1:/Table/1{7-8},n1] heartbeat to "change-replica" id=f2c9fa46 key=/Local/Range/Table/17/RangeDescriptor rw=true pri=0.03787391 iso=SERIALIZABLE stat=PENDING epo=0 ts=1512426660.300683315,0 orig=1512426660.300683315,0 max=1512426660.800683315,0 wto=false rop=false seq=9 failed: context canceled
W171204 22:31:04.234810 188 storage/store.go:3581  [n1,s1] handle raft ready: 0.7s [processed=0]
W171204 22:31:04.234811 149 storage/store.go:3581  [n1,s1] handle raft ready: 0.7s [processed=0]
I171204 22:31:04.235064 187 storage/replica_proposal.go:453  [replicate,n1,s1,r13/1:/Table/1{6-7}] new range lease repl=(n1,s1):1 start=0.000000000,0 epo=1 pro=1512426663.523703728,0 following repl=(n1,s1):1 start=0.000000000,0 exp=1512426635.451733895,0 pro=1512426626.451769432,0
W171204 22:31:04.235191 187 storage/store.go:3581  [n1,s1] handle raft ready: 0.7s [processed=1]
I171204 22:31:04.235458 213 storage/replica_raftstorage.go:516  [replicate,n1,s1,r13/1:/Table/1{6-7}] generated preemptive snapshot 7bc8fa63 at index 17
I171204 22:31:04.236117 213 storage/store.go:3494  [replicate,n1,s1,r13/1:/Table/1{6-7}] streamed snapshot to (n2,s2):?: kv pairs: 11, log entries: 7, rate-limit: 8.0 MiB/sec, 1ms
W171204 22:31:04.597531 131 storage/store.go:3581  [n1,s1] handle raft ready: 1.1s [processed=0]
I171204 22:31:04.617656 213 storage/replica_command.go:3671  [replicate,n1,s1,r13/1:/Table/1{6-7}] change replicas (ADD_REPLICA (n2,s2):2): read existing descriptor r13:/Table/1{6-7} [(n1,s1):1, next=2]
W171204 22:31:04.647296 1778 storage/replica.go:2696  [n1,s1,r3/1:/System/NodeLiveness{-Max}] context cancellation after 2.2s of attempting command [txn: f1728e7e], BeginTransaction [/System/NodeLiveness/3,/Min), ConditionalPut [/System/NodeLiveness/3,/Min), EndTransaction [/System/NodeLiveness/3,/Min)
W171204 22:31:04.711785 1764 storage/replica.go:2696  [n1,s1,r3/1:/System/NodeLiveness{-Max}] context cancellation after 2.2s of attempting command [txn: d71bae6f], BeginTransaction [/System/NodeLiveness/1,/Min), ConditionalPut [/System/NodeLiveness/1,/Min), EndTransaction [/System/NodeLiveness/1,/Min)
W171204 22:31:04.711988 278 storage/node_liveness.go:399  [n1,hb] slow heartbeat took 2.3s
W171204 22:31:04.711999 278 storage/node_liveness.go:342  [n1,hb] failed node liveness heartbeat: context deadline exceeded
W171204 22:31:05.302842 134 storage/store.go:3581  [n1,s1] handle raft ready: 0.7s [processed=1]
I171204 22:31:06.066572 1861 storage/replica.go:3055  [n1,s1,r13/1:/Table/1{6-7}] proposing ADD_REPLICA((n2,s2):2): updated=[(n1,s1):1 (n2,s2):2] next=3
I171204 22:31:06.405270 1677 sql/event_log.go:102  [client=127.0.0.1:53172,user=root,n1] Event: "create_database", target: 50, info: {DatabaseName:bank Statement:CREATE DATABASE bank User:root}
W171204 22:31:06.405429 1836 kv/txn_coord_sender.go:786  [client=127.0.0.1:53172,user=root,n1] heartbeat to "sql txn implicit" id=d8246f99 key=/Table/SystemConfigSpan/Start rw=true pri=0.01768502 iso=SERIALIZABLE stat=PENDING epo=0 ts=1512426663.382753390,0 orig=1512426663.382753390,0 max=1512426663.882753390,0 wto=false rop=false seq=9 failed: context canceled
W171204 22:31:06.429955 1863 storage/replica.go:2696  [n1,s1,r13/1:/Table/1{6-7}] context cancellation after 0.1s of attempting command [txn: 6300aaaa], HeartbeatTxn [/Local/Range/Table/16/RangeDescriptor,/Min)
W171204 22:31:06.430072 1829 kv/txn_coord_sender.go:786  [replicate,s1,r13/1:/Table/1{6-7},n1] heartbeat to "change-replica" id=6300aaaa key=/Local/Range/Table/16/RangeDescriptor rw=true pri=0.05740654 iso=SERIALIZABLE stat=PENDING epo=0 ts=1512426664.617471230,0 orig=1512426664.617471230,0 max=1512426665.117471230,0 wto=false rop=false seq=9 failed: result is ambiguous (context canceled)
I171204 22:31:06.430226 213 storage/replica_raftstorage.go:516  [replicate,n1,s1,r5/1:/System/ts{d-e}] generated preemptive snapshot e0ddbe66 at index 44
I171204 22:31:06.449347 213 storage/store.go:3494  [replicate,n1,s1,r5/1:/System/ts{d-e}] streamed snapshot to (n3,s3):?: kv pairs: 1233, log entries: 2, rate-limit: 8.0 MiB/sec, 19ms
I171204 22:31:06.454470 230 server/status/runtime.go:223  [n1] runtime stats: 150 MiB RSS, 204 goroutines, 16 MiB/7.1 MiB/35 MiB GO alloc/idle/total, 15 MiB/21 MiB CGO alloc/total, 340.60cgo/sec, 0.03/0.01 %(u/s)time, 0.00 %gc (3x)
I171204 22:31:06.778827 151 storage/replica_proposal.go:453  [split,n1,s1,r16/1:/{Table/19-Max}] new range lease repl=(n1,s1):1 start=0.000000000,0 epo=1 pro=1512426666.405533462,0 following repl=(n1,s1):1 start=0.000000000,0 exp=1512426635.451733895,0 pro=1512426626.451769432,0
I171204 22:31:06.779082 212 storage/replica_command.go:2734  [split,n1,s1,r16/1:/{Table/19-Max}] initiating a split of this range at key /Table/50 [r17]
I171204 22:31:06.785462 213 storage/replica_command.go:3671  [replicate,n1,s1,r5/1:/System/ts{d-e}] change replicas (ADD_REPLICA (n3,s3):3): read existing descriptor r5:/System/ts{d-e} [(n1,s1):1, (n2,s2):2, next=3]
I171204 22:31:07.153623 216 storage/replica_raftstorage.go:516  [raftsnapshot,n1,s1,r13/1:/Table/1{6-7}] generated Raft snapshot 8da14f06 at index 19
I171204 22:31:07.154161 216 storage/store.go:3494  [raftsnapshot,n1,s1,r13/1:/Table/1{6-7}] streamed snapshot to (n2,s2):2: kv pairs: 13, log entries: 9, rate-limit: 8.0 MiB/sec, 0ms
I171204 22:31:08.272158 194 storage/replica_proposal.go:453  [n1,s1,r16/1:/{Table/19-Max}] new range lease repl=(n1,s1):1 start=0.000000000,0 epo=1 pro=1512426666.405533462,0 following repl=(n1,s1):1 start=0.000000000,0 epo=1 pro=1512426666.405533462,0
W171204 22:31:08.272631 1872 storage/replica.go:2696  [n1,s1,r16/1:/Table/{19-50}] context cancellation after 0.1s of attempting command [txn: 9e3e70d3], HeartbeatTxn [/Local/Range/Table/19/RangeDescriptor,/Min)
W171204 22:31:08.272749 1724 kv/txn_coord_sender.go:786  [split,s1,r16/1:/Table/{19-50},n1] heartbeat to "split" id=9e3e70d3 key=/Local/Range/Table/19/RangeDescriptor rw=true pri=0.00555371 iso=SERIALIZABLE stat=PENDING epo=0 ts=1512426666.779099366,0 orig=1512426666.779099366,0 max=1512426667.279099366,0 wto=false rop=false seq=9 failed: result is ambiguous (context canceled)
I171204 22:31:08.288641 1844 storage/replica.go:3055  [n1,s1,r5/1:/System/ts{d-e}] proposing ADD_REPLICA((n3,s3):3): updated=[(n1,s1):1 (n2,s2):2 (n3,s3):3] next=4
I171204 22:31:08.305923 213 storage/replica_raftstorage.go:516  [replicate,n1,s1,r13/1:/Table/1{6-7}] generated preemptive snapshot e129deac at index 21
I171204 22:31:08.306609 213 storage/store.go:3494  [replicate,n1,s1,r13/1:/Table/1{6-7}] streamed snapshot to (n3,s3):?: kv pairs: 12, log entries: 11, rate-limit: 8.0 MiB/sec, 1ms
I171204 22:31:08.316034 213 storage/replica_command.go:3671  [replicate,n1,s1,r13/1:/Table/1{6-7}] change replicas (ADD_REPLICA (n3,s3):3): read existing descriptor r13:/Table/1{6-7} [(n1,s1):1, (n2,s2):2, next=3]
I171204 22:31:08.676900 216 storage/replica_raftstorage.go:516  [raftsnapshot,n1,s1,r5/1:/System/ts{d-e}] generated Raft snapshot 57c539df at index 49
I171204 22:31:08.699954 216 storage/store.go:3494  [raftsnapshot,n1,s1,r5/1:/System/ts{d-e}] streamed snapshot to (n3,s3):3: kv pairs: 1234, log entries: 7, rate-limit: 8.0 MiB/sec, 23ms
I171204 22:31:08.721525 1846 storage/replica.go:3055  [n1,s1,r13/1:/Table/1{6-7}] proposing ADD_REPLICA((n3,s3):3): updated=[(n1,s1):1 (n2,s2):2 (n3,s3):3] next=4
I171204 22:31:08.740844 213 storage/replica_raftstorage.go:516  [replicate,n1,s1,r17/1:/{Table/50-Max}] generated preemptive snapshot 9e14dba6 at index 11
I171204 22:31:08.741438 213 storage/store.go:3494  [replicate,n1,s1,r17/1:/{Table/50-Max}] streamed snapshot to (n2,s2):?: kv pairs: 10, log entries: 1, rate-limit: 8.0 MiB/sec, 0ms
I171204 22:31:09.090267 213 storage/replica_command.go:3671  [replicate,n1,s1,r17/1:/{Table/50-Max}] change replicas (ADD_REPLICA (n2,s2):2): read existing descriptor r17:/{Table/50-Max} [(n1,s1):1, next=2]
W171204 22:31:09.411025 149 storage/store.go:3581  [n1,s1] handle raft ready: 0.7s [processed=0]
W171204 22:31:10.515944 178 storage/store.go:3581  [n1,s1] handle raft ready: 0.6s [processed=0]
I171204 22:31:10.546999 1905 storage/replica.go:3055  [n1,s1,r17/1:/{Table/50-Max}] proposing ADD_REPLICA((n2,s2):2): updated=[(n1,s1):1 (n2,s2):2] next=3
I171204 22:31:10.903295 213 storage/replica_raftstorage.go:516  [replicate,n1,s1,r7/1:/Table/{SystemCon…-11}] generated preemptive snapshot 8ae57068 at index 36
I171204 22:31:10.904470 213 storage/store.go:3494  [replicate,n1,s1,r7/1:/Table/{SystemCon…-11}] streamed snapshot to (n2,s2):?: kv pairs: 51, log entries: 26, rate-limit: 8.0 MiB/sec, 1ms
I171204 22:31:11.251417 213 storage/replica_command.go:3671  [replicate,n1,s1,r7/1:/Table/{SystemCon…-11}] change replicas (ADD_REPLICA (n2,s2):3): read existing descriptor r7:/Table/{SystemConfigSpan/Start-11} [(n1,s1):1, (n3,s3):2, next=3]
I171204 22:31:12.722679 216 storage/replica_raftstorage.go:516  [raftsnapshot,n1,s1,r17/1:/{Table/50-Max}] generated Raft snapshot 32f1bf3d at index 14
I171204 22:31:12.723269 216 storage/store.go:3494  [raftsnapshot,n1,s1,r17/1:/{Table/50-Max}] streamed snapshot to (n2,s2):2: kv pairs: 12, log entries: 4, rate-limit: 8.0 MiB/sec, 0ms
W171204 22:31:13.412320 174 storage/store.go:3581  [n1,s1] handle raft ready: 0.7s [processed=0]
I171204 22:31:13.792018 2039 storage/replica.go:3055  [n1,s1,r7/1:/Table/{SystemCon…-11}] proposing ADD_REPLICA((n2,s2):3): updated=[(n1,s1):1 (n3,s3):2 (n2,s2):3] next=4
W171204 22:31:14.494689 1935 kv/txn_coord_sender.go:786  [replicate,s1,r7/1:/Table/{SystemCon…-11},n1] heartbeat to "change-replica" id=a538e1dc key=/Local/Range/Table/SystemConfigSpan/Start/RangeDescriptor rw=true pri=0.03405730 iso=SERIALIZABLE stat=PENDING epo=0 ts=1512426671.251076660,0 orig=1512426671.251076660,0 max=1512426671.751076660,0 wto=false rop=false seq=9 failed: context canceled
I171204 22:31:14.494903 213 storage/replica_raftstorage.go:516  [replicate,n1,s1,r10/1:/Table/1{3-4}] generated preemptive snapshot 8336f91b at index 84
I171204 22:31:14.496164 213 storage/store.go:3494  [replicate,n1,s1,r10/1:/Table/1{3-4}] streamed snapshot to (n2,s2):?: kv pairs: 238, log entries: 17, rate-limit: 8.0 MiB/sec, 1ms
I171204 22:31:14.843730 213 storage/replica_command.go:3671  [replicate,n1,s1,r10/1:/Table/1{3-4}] change replicas (ADD_REPLICA (n2,s2):3): read existing descriptor r10:/Table/1{3-4} [(n1,s1):1, (n3,s3):2, next=3]
I171204 22:31:15.941063 216 storage/replica_raftstorage.go:516  [raftsnapshot,n1,s1,r7/1:/Table/{SystemCon…-11}] generated Raft snapshot 824e4c66 at index 40
I171204 22:31:15.945247 216 storage/store.go:3494  [raftsnapshot,n1,s1,r7/1:/Table/{SystemCon…-11}] streamed snapshot to (n2,s2):3: kv pairs: 52, log entries: 30, rate-limit: 8.0 MiB/sec, 4ms
I171204 22:31:16.454462 230 server/status/runtime.go:223  [n1] runtime stats: 154 MiB RSS, 198 goroutines, 13 MiB/10 MiB/35 MiB GO alloc/idle/total, 15 MiB/22 MiB CGO alloc/total, 398.90cgo/sec, 0.03/0.01 %(u/s)time, 0.00 %gc (3x)
W171204 22:31:16.653475 151 storage/store.go:3581  [n1,s1] handle raft ready: 0.6s [processed=0]
I171204 22:31:17.030937 2094 storage/replica.go:3055  [n1,s1,r10/1:/Table/1{3-4}] proposing ADD_REPLICA((n2,s2):3): updated=[(n1,s1):1 (n3,s3):2 (n2,s2):3] next=4
W171204 22:31:17.354938 278 storage/node_liveness.go:399  [n1,hb] slow heartbeat took 1.4s
W171204 22:31:17.744168 2098 storage/replica.go:2141  [n1,s1,r10/1:/Table/1{3-4}] context canceled while in command queue: [txn: 8a178b7f], HeartbeatTxn [/Local/Range/Table/13/RangeDescriptor,/Min)
W171204 22:31:17.744284 2055 kv/txn_coord_sender.go:786  [replicate,s1,r10/1:/Table/1{3-4},n1] heartbeat to "change-replica" id=8a178b7f key=/Local/Range/Table/13/RangeDescriptor rw=true pri=0.00868137 iso=SERIALIZABLE stat=PENDING epo=0 ts=1512426674.843314763,0 orig=1512426674.843314763,0 max=1512426675.343314763,0 wto=false rop=false seq=9 failed: context canceled
I171204 22:31:17.744604 213 storage/replica_raftstorage.go:516  [replicate,n1,s1,r3/1:/System/NodeLiveness{-Max}] generated preemptive snapshot 0540fbc9 at index 76
I171204 22:31:17.745633 213 storage/store.go:3494  [replicate,n1,s1,r3/1:/System/NodeLiveness{-Max}] streamed snapshot to (n3,s3):?: kv pairs: 45, log entries: 49, rate-limit: 8.0 MiB/sec, 1ms
I171204 22:31:18.107796 213 storage/replica_command.go:3671  [replicate,n1,s1,r3/1:/System/NodeLiveness{-Max}] change replicas (ADD_REPLICA (n3,s3):3): read existing descriptor r3:/System/NodeLiveness{-Max} [(n1,s1):1, (n2,s2):2, next=3]
W171204 22:31:18.826550 163 storage/store.go:3581  [n1,s1] handle raft ready: 0.6s [processed=0]
I171204 22:31:19.223632 2043 storage/replica.go:3055  [n1,s1,r3/1:/System/NodeLiveness{-Max}] proposing ADD_REPLICA((n3,s3):3): updated=[(n1,s1):1 (n2,s2):2 (n3,s3):3] next=4
I171204 22:31:19.586892 213 storage/replica_raftstorage.go:516  [replicate,n1,s1,r12/1:/Table/1{5-6}] generated preemptive snapshot 45174c18 at index 17
I171204 22:31:19.588204 213 storage/store.go:3494  [replicate,n1,s1,r12/1:/Table/1{5-6}] streamed snapshot to (n2,s2):?: kv pairs: 11, log entries: 7, rate-limit: 8.0 MiB/sec, 1ms
I171204 22:31:19.595885 213 storage/replica_command.go:3671  [replicate,n1,s1,r12/1:/Table/1{5-6}] change replicas (ADD_REPLICA (n2,s2):2): read existing descriptor r12:/Table/1{5-6} [(n1,s1):1, next=2]
I171204 22:31:20.384350 2103 storage/replica.go:3055  [n1,s1,r12/1:/Table/1{5-6}] proposing ADD_REPLICA((n2,s2):2): updated=[(n1,s1):1 (n2,s2):2] next=3
I171204 22:31:20.390731 213 storage/replica_raftstorage.go:516  [replicate,n1,s1,r1/1:/{Min-System/}] generated preemptive snapshot 4f212e3f at index 137
I171204 22:31:20.391550 213 storage/store.go:3494  [replicate,n1,s1,r1/1:/{Min-System/}] streamed snapshot to (n2,s2):?: kv pairs: 77, log entries: 14, rate-limit: 8.0 MiB/sec, 1ms
I171204 22:31:20.403162 213 storage/replica_command.go:3671  [replicate,n1,s1,r1/1:/{Min-System/}] change replicas (ADD_REPLICA (n2,s2):3): read existing descriptor r1:/{Min-System/} [(n1,s1):1, (n3,s3):2, next=3]
I171204 22:31:20.794856 2196 storage/replica.go:3055  [n1,s1,r1/1:/{Min-System/}] proposing ADD_REPLICA((n2,s2):3): updated=[(n1,s1):1 (n3,s3):2 (n2,s2):3] next=4
I171204 22:31:21.165705 213 storage/replica_raftstorage.go:516  [replicate,n1,s1,r12/1:/Table/1{5-6}] generated preemptive snapshot 7b47ef64 at index 20
I171204 22:31:21.168278 213 storage/store.go:3494  [replicate,n1,s1,r12/1:/Table/1{5-6}] streamed snapshot to (n3,s3):?: kv pairs: 12, log entries: 10, rate-limit: 8.0 MiB/sec, 2ms
I171204 22:31:21.176442 213 storage/replica_command.go:3671  [replicate,n1,s1,r12/1:/Table/1{5-6}] change replicas (ADD_REPLICA (n3,s3):3): read existing descriptor r12:/Table/1{5-6} [(n1,s1):1, (n2,s2):2, next=3]
W171204 22:31:21.894384 188 storage/store.go:3581  [n1,s1] handle raft ready: 0.7s [processed=0]
I171204 22:31:22.645807 2150 storage/replica.go:3055  [n1,s1,r12/1:/Table/1{5-6}] proposing ADD_REPLICA((n3,s3):3): updated=[(n1,s1):1 (n2,s2):2 (n3,s3):3] next=4
I171204 22:31:23.015590 213 storage/replica_raftstorage.go:516  [replicate,n1,s1,r16/1:/Table/{19-50}] generated preemptive snapshot db0ff719 at index 17
I171204 22:31:23.016543 213 storage/store.go:3494  [replicate,n1,s1,r16/1:/Table/{19-50}] streamed snapshot to (n2,s2):?: kv pairs: 11, log entries: 7, rate-limit: 8.0 MiB/sec, 1ms
I171204 22:31:23.362384 213 storage/replica_command.go:3671  [replicate,n1,s1,r16/1:/Table/{19-50}] change replicas (ADD_REPLICA (n2,s2):2): read existing descriptor r16:/Table/{19-50} [(n1,s1):1, next=2]
I171204 22:31:24.471516 2155 storage/replica.go:3055  [n1,s1,r16/1:/Table/{19-50}] proposing ADD_REPLICA((n2,s2):2): updated=[(n1,s1):1 (n2,s2):2] next=3
W171204 22:31:25.160046 163 storage/store.go:3581  [n1,s1] handle raft ready: 0.7s [processed=1]
W171204 22:31:25.160242 2156 storage/replica.go:2696  [n1,s1,r16/1:/Table/{19-50}] context cancellation after 0.4s of attempting command [txn: 6c2d2577], HeartbeatTxn [/Local/Range/Table/19/RangeDescriptor,/Min)
W171204 22:31:25.160404 2138 kv/txn_coord_sender.go:786  [replicate,s1,r16/1:/Table/{19-50},n1] heartbeat to "change-replica" id=6c2d2577 key=/Local/Range/Table/19/RangeDescriptor rw=true pri=0.03444077 iso=SERIALIZABLE stat=PENDING epo=0 ts=1512426683.362028218,0 orig=1512426683.362028218,0 max=1512426683.862028218,0 wto=false rop=false seq=9 failed: result is ambiguous (context canceled)
W171204 22:31:25.520353 186 storage/store.go:3581  [n1,s1] handle raft ready: 0.6s [processed=0]
I171204 22:31:25.525673 213 storage/replica_raftstorage.go:516  [replicate,n1,s1,r16/1:/Table/{19-50}] generated preemptive snapshot 77278f2b at index 19
I171204 22:31:25.526302 213 storage/store.go:3494  [replicate,n1,s1,r16/1:/Table/{19-50}] streamed snapshot to (n3,s3):?: kv pairs: 13, log entries: 9, rate-limit: 8.0 MiB/sec, 0ms
I171204 22:31:25.893214 213 storage/replica_command.go:3671  [replicate,n1,s1,r16/1:/Table/{19-50}] change replicas (ADD_REPLICA (n3,s3):3): read existing descriptor r16:/Table/{19-50} [(n1,s1):1, (n2,s2):2, next=3]
I171204 22:31:26.241850 216 storage/replica_raftstorage.go:516  [raftsnapshot,n1,s1,r16/1:/Table/{19-50}] generated Raft snapshot f1a1a31b at index 19
W171204 22:31:26.242307 278 storage/node_liveness.go:399  [n1,hb] slow heartbeat took 1.3s
I171204 22:31:26.242627 216 storage/store.go:3494  [raftsnapshot,n1,s1,r16/1:/Table/{19-50}] streamed snapshot to (n2,s2):2: kv pairs: 13, log entries: 9, rate-limit: 8.0 MiB/sec, 1ms
I171204 22:31:26.453954 228 gossip/gossip.go:478  [n1] gossip status (ok, 3 nodes)
gossip client (0/3 cur/max conns)
gossip server (2/3 cur/max conns, infos 578/83 sent/received, bytes 306406B/26957B sent/received)
  2: e9f72869192a:26257 (57s)
  3: f3722e8adf37:26257 (56s)
I171204 22:31:26.454533 230 server/status/runtime.go:223  [n1] runtime stats: 158 MiB RSS, 196 goroutines, 18 MiB/5.6 MiB/35 MiB GO alloc/idle/total, 16 MiB/23 MiB CGO alloc/total, 225.80cgo/sec, 0.03/0.00 %(u/s)time, 0.00 %gc (2x)
I171204 22:31:27.418162 2187 storage/replica.go:3055  [n1,s1,r16/1:/Table/{19-50}] proposing ADD_REPLICA((n3,s3):3): updated=[(n1,s1):1 (n2,s2):2 (n3,s3):3] next=4
I171204 22:31:29.298588 213 storage/replica_raftstorage.go:516  [replicate,n1,s1,r17/1:/{Table/50-Max}] generated preemptive snapshot 7bba74e8 at index 15
I171204 22:31:29.299060 213 storage/store.go:3494  [replicate,n1,s1,r17/1:/{Table/50-Max}] streamed snapshot to (n3,s3):?: kv pairs: 11, log entries: 5, rate-limit: 8.0 MiB/sec, 0ms
I171204 22:31:29.309591 213 storage/replica_command.go:3671  [replicate,n1,s1,r17/1:/{Table/50-Max}] change replicas (ADD_REPLICA (n3,s3):3): read existing descriptor r17:/{Table/50-Max} [(n1,s1):1, (n2,s2):2, next=3]
I171204 22:31:29.728647 2480 sql/mon/bytes_usage.go:580  [n1] admin: bytes usage increases to 130 KiB (+10240)
I171204 22:31:29.729091 2480 sql/mon/bytes_usage.go:580  [n1] admin: bytes usage increases to 260 KiB (+20480)
I171204 22:31:29.729963 2369 sql/mon/bytes_usage.go:580  [n1] admin: bytes usage increases to 520 KiB (+10240)
I171204 22:31:29.734770 2367 sql/mon/bytes_usage.go:580  [n1] admin: bytes usage increases to 520 KiB (+10240)
I171204 22:31:29.736047 2369 sql/mon/bytes_usage.go:580  [n1] admin: bytes usage increases to 530 KiB (+20480)
I171204 22:31:29.737143 2586 sql/mon/bytes_usage.go:580  [n1] admin: bytes usage increases to 130 KiB (+10240)
I171204 22:31:29.737803 2586 sql/mon/bytes_usage.go:580  [n1] admin: bytes usage increases to 260 KiB (+20480)
I171204 22:31:29.748210 2774 sql/mon/bytes_usage.go:580  [n1] admin: bytes usage increases to 260 KiB (+10240)
I171204 22:31:29.756611 2812 sql/mon/bytes_usage.go:580  [n1] admin: bytes usage increases to 130 KiB (+10240)
I171204 22:31:29.759095 2638 sql/mon/bytes_usage.go:580  [n1] admin: bytes usage increases to 260 KiB (+10240)
I171204 22:31:29.759743 2638 sql/mon/bytes_usage.go:580  [n1] admin: bytes usage increases to 530 KiB (+20480)
I171204 22:31:29.766364 2970 sql/mon/bytes_usage.go:580  [n1] admin: bytes usage increases to 130 KiB (+10240)
I171204 22:31:29.767195 2970 sql/mon/bytes_usage.go:580  [n1] admin: bytes usage increases to 260 KiB (+10240)
I171204 22:31:29.788001 3189 sql/mon/bytes_usage.go:580  [n1] admin: bytes usage increases to 130 KiB (+10240)
I171204 22:31:29.788817 3189 sql/mon/bytes_usage.go:580  [n1] admin: bytes usage increases to 260 KiB (+10240)
I171204 22:31:30.070426 3307 storage/replica.go:3055  [n1,s1,r17/1:/{Table/50-Max}] proposing ADD_REPLICA((n3,s3):3): updated=[(n1,s1):1 (n2,s2):2 (n3,s3):3] next=4
I171204 22:31:30.104716 213 storage/replica_raftstorage.go:516  [replicate,n1,s1,r11/1:/Table/1{4-5}] generated preemptive snapshot d2f1e56c at index 20
I171204 22:31:30.105346 213 storage/store.go:3494  [replicate,n1,s1,r11/1:/Table/1{4-5}] streamed snapshot to (n2,s2):?: kv pairs: 12, log entries: 10, rate-limit: 8.0 MiB/sec, 1ms
I171204 22:31:30.452000 213 storage/replica_command.go:3671  [replicate,n1,s1,r11/1:/Table/1{4-5}] change replicas (ADD_REPLICA (n2,s2):3): read existing descriptor r11:/Table/1{4-5} [(n1,s1):1, (n3,s3):2, next=3]
I171204 22:31:31.922989 3355 storage/replica.go:3055  [n1,s1,r11/1:/Table/1{4-5}] proposing ADD_REPLICA((n2,s2):3): updated=[(n1,s1):1 (n3,s3):2 (n2,s2):3] next=4
W171204 22:31:32.266359 152 storage/store.go:3581  [n1,s1] handle raft ready: 0.7s [processed=0]
W171204 22:31:32.648385 3319 kv/txn_coord_sender.go:786  [replicate,s1,r11/1:/Table/1{4-5},n1] heartbeat to "change-replica" id=0ac74533 key=/Local/Range/Table/14/RangeDescriptor rw=true pri=0.01418502 iso=SERIALIZABLE stat=PENDING epo=0 ts=1512426690.451661033,0 orig=1512426690.451661033,0 max=1512426690.951661033,0 wto=false rop=false seq=9 failed: context canceled
W171204 22:31:33.712470 190 storage/store.go:3581  [n1,s1] handle raft ready: 0.7s [processed=0]
W171204 22:31:34.427859 134 storage/store.go:3581  [n1,s1] handle raft ready: 0.6s [processed=0]
W171204 22:31:34.430549 171 storage/store.go:3581  [n1,s1] handle raft ready: 0.5s [processed=0]
W171204 22:31:35.229548 278 storage/node_liveness.go:399  [n1,hb] slow heartbeat took 1.3s
I171204 22:31:36.454715 230 server/status/runtime.go:223  [n1] runtime stats: 171 MiB RSS, 197 goroutines, 14 MiB/20 MiB/46 MiB GO alloc/idle/total, 15 MiB/23 MiB CGO alloc/total, 481.49cgo/sec, 0.08/0.01 %(u/s)time, 0.00 %gc (8x)
I171204 22:31:46.454575 230 server/status/runtime.go:223  [n1] runtime stats: 174 MiB RSS, 197 goroutines, 19 MiB/15 MiB/46 MiB GO alloc/idle/total, 15 MiB/23 MiB CGO alloc/total, 75.20cgo/sec, 0.01/0.01 %(u/s)time, 0.00 %gc (1x)
I171204 22:31:50.095061 3226 sql/event_log.go:102  [client=172.19.0.1:49006,user=maxroach,n1] Event: "create_table", target: 51, info: {TableName:accounts Statement:CREATE TABLE IF NOT EXISTS accounts (id INT PRIMARY KEY, balance INT) User:maxroach}
W171204 22:31:51.214035 150 storage/store.go:3581  [n1,s1] handle raft ready: 0.7s [processed=0]
W171204 22:31:51.564434 194 storage/store.go:3581  [n1,s1] handle raft ready: 0.6s [processed=0]
W171204 22:31:51.564480 167 storage/store.go:3581  [n1,s1] handle raft ready: 1.0s [processed=0]
W171204 22:31:51.564742 158 storage/store.go:3581  [n1,s1] handle raft ready: 0.7s [processed=0]
W171204 22:31:51.579515 3513 kv/txn_coord_sender.go:786  [client=172.19.0.1:49006,user=maxroach,n1] heartbeat to "unnamed" id=6c84f7ea key=/Table/11/1/51/1/2017-12-04T22:36:45.999332Z/1/0 rw=true pri=0.00722217 iso=SERIALIZABLE stat=PENDING epo=0 ts=1512426710.096072736,0 orig=1512426710.096072736,0 max=1512426710.596072736,0 wto=false rop=false seq=8 failed: heartbeat for transaction "unnamed" id=6c84f7ea key=/Table/11/1/51/1/2017-12-04T22:36:45.999332Z/1/0 rw=true pri=0.00722217 iso=SERIALIZABLE stat=PENDING epo=0 ts=1512426710.096072736,0 orig=1512426710.096072736,0 max=1512426710.096072736,0 wto=false rop=false seq=9 failed; record not present
W171204 22:31:53.013042 131 storage/store.go:3581  [n1,s1] handle raft ready: 0.7s [processed=0]
W171204 22:31:53.387933 278 storage/node_liveness.go:399  [n1,hb] slow heartbeat took 1.4s
I171204 22:31:56.454642 230 server/status/runtime.go:223  [n1] runtime stats: 174 MiB RSS, 197 goroutines, 21 MiB/13 MiB/46 MiB GO alloc/idle/total, 14 MiB/23 MiB CGO alloc/total, 131.40cgo/sec, 0.02/0.01 %(u/s)time, 0.00 %gc (2x)
I171204 22:31:58.024907 3710 sql/mon/bytes_usage.go:580  [n1] admin: bytes usage increases to 130 KiB (+10240)
I171204 22:31:58.025997 3710 sql/mon/bytes_usage.go:580  [n1] admin: bytes usage increases to 260 KiB (+10240)
I171204 22:32:00.321832 3643 sql/mon/bytes_usage.go:580  [n1] admin: bytes usage increases to 130 KiB (+10240)
I171204 22:32:00.323271 3643 sql/mon/bytes_usage.go:580  [n1] admin: bytes usage increases to 260 KiB (+10240)
I171204 22:32:06.454591 230 server/status/runtime.go:223  [n1] runtime stats: 174 MiB RSS, 197 goroutines, 20 MiB/14 MiB/46 MiB GO alloc/idle/total, 14 MiB/23 MiB CGO alloc/total, 161.90cgo/sec, 0.02/0.00 %(u/s)time, 0.00 %gc (3x)
I171204 22:32:16.454798 230 server/status/runtime.go:223  [n1] runtime stats: 174 MiB RSS, 197 goroutines, 18 MiB/16 MiB/46 MiB GO alloc/idle/total, 14 MiB/23 MiB CGO alloc/total, 79.30cgo/sec, 0.02/0.00 %(u/s)time, 0.00 %gc (2x)
I171204 22:32:26.453940 228 gossip/gossip.go:478  [n1] gossip status (ok, 3 nodes)
gossip client (0/3 cur/max conns)
gossip server (2/3 cur/max conns, infos 977/96 sent/received, bytes 418812B/30952B sent/received)
  2: e9f72869192a:26257 (1m57s)
  3: f3722e8adf37:26257 (1m56s)
I171204 22:32:26.455031 230 server/status/runtime.go:223  [n1] runtime stats: 174 MiB RSS, 198 goroutines, 17 MiB/17 MiB/46 MiB GO alloc/idle/total, 14 MiB/23 MiB CGO alloc/total, 72.20cgo/sec, 0.02/0.00 %(u/s)time, 0.00 %gc (2x)
I171204 22:32:36.454886 230 server/status/runtime.go:223  [n1] runtime stats: 174 MiB RSS, 197 goroutines, 17 MiB/17 MiB/46 MiB GO alloc/idle/total, 13 MiB/23 MiB CGO alloc/total, 85.40cgo/sec, 0.02/0.00 %(u/s)time, 0.00 %gc (2x)
I171204 22:32:46.455193 230 server/status/runtime.go:223  [n1] runtime stats: 174 MiB RSS, 197 goroutines, 21 MiB/14 MiB/46 MiB GO alloc/idle/total, 13 MiB/23 MiB CGO alloc/total, 77.20cgo/sec, 0.01/0.00 %(u/s)time, 0.00 %gc (1x)
I171204 22:32:56.455539 230 server/status/runtime.go:223  [n1] runtime stats: 174 MiB RSS, 197 goroutines, 17 MiB/17 MiB/46 MiB GO alloc/idle/total, 13 MiB/23 MiB CGO alloc/total, 73.70cgo/sec, 0.02/0.00 %(u/s)time, 0.00 %gc (2x)
I171204 22:33:06.455177 230 server/status/runtime.go:223  [n1] runtime stats: 175 MiB RSS, 197 goroutines, 13 MiB/21 MiB/46 MiB GO alloc/idle/total, 13 MiB/23 MiB CGO alloc/total, 79.60cgo/sec, 0.02/0.01 %(u/s)time, 0.00 %gc (2x)
I171204 22:33:16.455627 230 server/status/runtime.go:223  [n1] runtime stats: 175 MiB RSS, 199 goroutines, 21 MiB/14 MiB/46 MiB GO alloc/idle/total, 13 MiB/23 MiB CGO alloc/total, 72.00cgo/sec, 0.01/0.00 %(u/s)time, 0.00 %gc (1x)
W171204 22:33:18.619999 187 storage/store.go:3581  [n1,s1] handle raft ready: 0.7s [processed=0]
W171204 22:33:18.648394 278 storage/node_liveness.go:399  [n1,hb] slow heartbeat took 1.2s
I171204 22:33:26.453931 228 gossip/gossip.go:478  [n1] gossip status (ok, 3 nodes)
gossip client (0/3 cur/max conns)
gossip server (2/3 cur/max conns, infos 1374/100 sent/received, bytes 465197B/31950B sent/received)
  2: e9f72869192a:26257 (2m57s)
  3: f3722e8adf37:26257 (2m56s)
I171204 22:33:26.454670 230 server/status/runtime.go:223  [n1] runtime stats: 176 MiB RSS, 200 goroutines, 19 MiB/15 MiB/46 MiB GO alloc/idle/total, 21 MiB/31 MiB CGO alloc/total, 80.10cgo/sec, 0.02/0.00 %(u/s)time, 0.00 %gc (2x)
W171204 22:33:27.823713 132 storage/store.go:3581  [n1,s1] handle raft ready: 0.6s [processed=0]
W171204 22:33:27.824648 278 storage/node_liveness.go:399  [n1,hb] slow heartbeat took 1.4s
W171204 22:33:27.836458 173 storage/store.go:3581  [n1,s1] handle raft ready: 0.6s [processed=0]
I171204 22:33:36.455348 230 server/status/runtime.go:223  [n1] runtime stats: 176 MiB RSS, 197 goroutines, 18 MiB/16 MiB/46 MiB GO alloc/idle/total, 21 MiB/31 MiB CGO alloc/total, 86.79cgo/sec, 0.02/0.00 %(u/s)time, 0.00 %gc (2x)
I171204 22:33:46.454728 230 server/status/runtime.go:223  [n1] runtime stats: 177 MiB RSS, 197 goroutines, 22 MiB/12 MiB/46 MiB GO alloc/idle/total, 21 MiB/31 MiB CGO alloc/total, 70.90cgo/sec, 0.01/0.01 %(u/s)time, 0.00 %gc (1x)
I171204 22:33:56.454649 230 server/status/runtime.go:223  [n1] runtime stats: 178 MiB RSS, 197 goroutines, 18 MiB/17 MiB/46 MiB GO alloc/idle/total, 21 MiB/32 MiB CGO alloc/total, 75.20cgo/sec, 0.02/0.00 %(u/s)time, 0.00 %gc (2x)
I171204 22:34:06.454692 230 server/status/runtime.go:223  [n1] runtime stats: 178 MiB RSS, 197 goroutines, 14 MiB/20 MiB/46 MiB GO alloc/idle/total, 21 MiB/32 MiB CGO alloc/total, 78.50cgo/sec, 0.02/0.00 %(u/s)time, 0.00 %gc (2x)
I171204 22:34:16.454507 230 server/status/runtime.go:223  [n1] runtime stats: 178 MiB RSS, 197 goroutines, 12 MiB/22 MiB/46 MiB GO alloc/idle/total, 21 MiB/32 MiB CGO alloc/total, 83.80cgo/sec, 0.02/0.00 %(u/s)time, 0.00 %gc (2x)
I171204 22:34:26.453908 228 gossip/gossip.go:478  [n1] gossip status (ok, 3 nodes)
gossip client (0/3 cur/max conns)
gossip server (2/3 cur/max conns, infos 1759/104 sent/received, bytes 510477B/32948B sent/received)
  2: e9f72869192a:26257 (3m57s)
  3: f3722e8adf37:26257 (3m56s)
I171204 22:34:26.454673 230 server/status/runtime.go:223  [n1] runtime stats: 179 MiB RSS, 198 goroutines, 20 MiB/14 MiB/46 MiB GO alloc/idle/total, 21 MiB/32 MiB CGO alloc/total, 67.40cgo/sec, 0.01/0.00 %(u/s)time, 0.00 %gc (1x)
I171204 22:34:36.454628 230 server/status/runtime.go:223  [n1] runtime stats: 179 MiB RSS, 197 goroutines, 18 MiB/17 MiB/46 MiB GO alloc/idle/total, 21 MiB/32 MiB CGO alloc/total, 82.40cgo/sec, 0.02/0.00 %(u/s)time, 0.00 %gc (2x)
I171204 22:34:46.454573 230 server/status/runtime.go:223  [n1] runtime stats: 180 MiB RSS, 197 goroutines, 22 MiB/13 MiB/46 MiB GO alloc/idle/total, 21 MiB/32 MiB CGO alloc/total, 73.10cgo/sec, 0.02/0.00 %(u/s)time, 0.00 %gc (1x)
I171204 22:34:56.454713 230 server/status/runtime.go:223  [n1] runtime stats: 180 MiB RSS, 197 goroutines, 17 MiB/17 MiB/46 MiB GO alloc/idle/total, 21 MiB/32 MiB CGO alloc/total, 76.20cgo/sec, 0.01/0.00 %(u/s)time, 0.00 %gc (2x)
I171204 22:35:06.454886 230 server/status/runtime.go:223  [n1] runtime stats: 181 MiB RSS, 197 goroutines, 22 MiB/13 MiB/46 MiB GO alloc/idle/total, 21 MiB/32 MiB CGO alloc/total, 80.80cgo/sec, 0.02/0.00 %(u/s)time, 0.00 %gc (1x)
I171204 22:35:16.454662 230 server/status/runtime.go:223  [n1] runtime stats: 181 MiB RSS, 197 goroutines, 18 MiB/16 MiB/46 MiB GO alloc/idle/total, 21 MiB/32 MiB CGO alloc/total, 81.00cgo/sec, 0.02/0.00 %(u/s)time, 0.00 %gc (2x)
I171204 22:35:26.453921 228 gossip/gossip.go:478  [n1] gossip status (ok, 3 nodes)
gossip client (0/3 cur/max conns)
gossip server (2/3 cur/max conns, infos 2147/108 sent/received, bytes 555878B/33946B sent/received)
  2: e9f72869192a:26257 (4m57s)
  3: f3722e8adf37:26257 (4m56s)
I171204 22:35:26.454763 230 server/status/runtime.go:223  [n1] runtime stats: 182 MiB RSS, 199 goroutines, 22 MiB/13 MiB/46 MiB GO alloc/idle/total, 21 MiB/32 MiB CGO alloc/total, 68.00cgo/sec, 0.02/0.00 %(u/s)time, 0.00 %gc (1x)
I171204 22:35:36.454774 230 server/status/runtime.go:223  [n1] runtime stats: 182 MiB RSS, 197 goroutines, 19 MiB/16 MiB/46 MiB GO alloc/idle/total, 21 MiB/32 MiB CGO alloc/total, 82.70cgo/sec, 0.02/0.00 %(u/s)time, 0.00 %gc (2x)
I171204 22:35:46.454527 230 server/status/runtime.go:223  [n1] runtime stats: 182 MiB RSS, 197 goroutines, 17 MiB/18 MiB/46 MiB GO alloc/idle/total, 21 MiB/32 MiB CGO alloc/total, 76.90cgo/sec, 0.02/0.01 %(u/s)time, 0.00 %gc (2x)
I171204 22:35:56.454700 230 server/status/runtime.go:223  [n1] runtime stats: 182 MiB RSS, 197 goroutines, 17 MiB/17 MiB/46 MiB GO alloc/idle/total, 21 MiB/32 MiB CGO alloc/total, 78.50cgo/sec, 0.02/0.00 %(u/s)time, 0.00 %gc (2x)
I171204 22:36:06.454632 230 server/status/runtime.go:223  [n1] runtime stats: 183 MiB RSS, 197 goroutines, 21 MiB/14 MiB/46 MiB GO alloc/idle/total, 21 MiB/32 MiB CGO alloc/total, 79.20cgo/sec, 0.02/0.00 %(u/s)time, 0.00 %gc (1x)
I171204 22:36:16.454360 230 server/status/runtime.go:223  [n1] runtime stats: 183 MiB RSS, 197 goroutines, 20 MiB/15 MiB/46 MiB GO alloc/idle/total, 21 MiB/32 MiB CGO alloc/total, 79.60cgo/sec, 0.02/0.00 %(u/s)time, 0.00 %gc (2x)
I171204 22:36:26.453903 228 gossip/gossip.go:478  [n1] gossip status (ok, 3 nodes)
gossip client (0/3 cur/max conns)
gossip server (2/3 cur/max conns, infos 2544/112 sent/received, bytes 602307B/34944B sent/received)
  2: e9f72869192a:26257 (5m57s)
  3: f3722e8adf37:26257 (5m56s)
I171204 22:36:26.454438 230 server/status/runtime.go:223  [n1] runtime stats: 184 MiB RSS, 198 goroutines, 17 MiB/16 MiB/46 MiB GO alloc/idle/total, 21 MiB/32 MiB CGO alloc/total, 77.90cgo/sec, 0.02/0.00 %(u/s)time, 0.00 %gc (2x)
I171204 22:36:36.454561 230 server/status/runtime.go:223  [n1] runtime stats: 184 MiB RSS, 195 goroutines, 20 MiB/14 MiB/46 MiB GO alloc/idle/total, 21 MiB/32 MiB CGO alloc/total, 81.80cgo/sec, 0.02/0.00 %(u/s)time, 0.00 %gc (1x)
I171204 22:36:46.454351 230 server/status/runtime.go:223  [n1] runtime stats: 185 MiB RSS, 195 goroutines, 17 MiB/17 MiB/46 MiB GO alloc/idle/total, 29 MiB/40 MiB CGO alloc/total, 74.00cgo/sec, 0.02/0.00 %(u/s)time, 0.00 %gc (2x)
I171204 22:36:56.454600 230 server/status/runtime.go:223  [n1] runtime stats: 185 MiB RSS, 195 goroutines, 23 MiB/12 MiB/46 MiB GO alloc/idle/total, 29 MiB/40 MiB CGO alloc/total, 73.10cgo/sec, 0.02/0.00 %(u/s)time, 0.00 %gc (1x)
I171204 22:37:06.454495 230 server/status/runtime.go:223  [n1] runtime stats: 185 MiB RSS, 195 goroutines, 21 MiB/13 MiB/46 MiB GO alloc/idle/total, 29 MiB/40 MiB CGO alloc/total, 81.80cgo/sec, 0.02/0.00 %(u/s)time, 0.00 %gc (2x)
I171204 22:37:16.455049 230 server/status/runtime.go:223  [n1] runtime stats: 186 MiB RSS, 195 goroutines, 20 MiB/14 MiB/46 MiB GO alloc/idle/total, 29 MiB/40 MiB CGO alloc/total, 81.00cgo/sec, 0.02/0.00 %(u/s)time, 0.00 %gc (2x)
I171204 22:37:26.453912 228 gossip/gossip.go:478  [n1] gossip status (ok, 3 nodes)
gossip client (0/3 cur/max conns)
gossip server (2/3 cur/max conns, infos 2920/116 sent/received, bytes 646336B/35944B sent/received)
  2: e9f72869192a:26257 (6m57s)
  3: f3722e8adf37:26257 (6m56s)
I171204 22:37:26.454520 230 server/status/runtime.go:223  [n1] runtime stats: 186 MiB RSS, 196 goroutines, 18 MiB/16 MiB/46 MiB GO alloc/idle/total, 29 MiB/40 MiB CGO alloc/total, 71.10cgo/sec, 0.02/0.00 %(u/s)time, 0.00 %gc (2x)
I171204 22:37:36.454958 230 server/status/runtime.go:223  [n1] runtime stats: 186 MiB RSS, 195 goroutines, 17 MiB/17 MiB/46 MiB GO alloc/idle/total, 29 MiB/40 MiB CGO alloc/total, 82.20cgo/sec, 0.02/0.00 %(u/s)time, 0.00 %gc (2x)
I171204 22:37:46.454622 230 server/status/runtime.go:223  [n1] runtime stats: 187 MiB RSS, 196 goroutines, 21 MiB/14 MiB/46 MiB GO alloc/idle/total, 29 MiB/40 MiB CGO alloc/total, 77.40cgo/sec, 0.02/0.00 %(u/s)time, 0.00 %gc (1x)
I171204 22:37:56.454544 230 server/status/runtime.go:223  [n1] runtime stats: 187 MiB RSS, 195 goroutines, 18 MiB/16 MiB/46 MiB GO alloc/idle/total, 29 MiB/40 MiB CGO alloc/total, 75.60cgo/sec, 0.02/0.00 %(u/s)time, 0.00 %gc (2x)
W171204 22:38:00.995514 147 storage/store.go:3581  [n1,s1] handle raft ready: 0.6s [processed=0]
I171204 22:38:06.454505 230 server/status/runtime.go:223  [n1] runtime stats: 187 MiB RSS, 195 goroutines, 15 MiB/19 MiB/46 MiB GO alloc/idle/total, 29 MiB/40 MiB CGO alloc/total, 83.90cgo/sec, 0.02/0.01 %(u/s)time, 0.00 %gc (2x)
I171204 22:38:16.454766 230 server/status/runtime.go:223  [n1] runtime stats: 188 MiB RSS, 195 goroutines, 13 MiB/21 MiB/46 MiB GO alloc/idle/total, 29 MiB/40 MiB CGO alloc/total, 78.00cgo/sec, 0.02/0.00 %(u/s)time, 0.00 %gc (2x)
I171204 22:38:26.454839 228 gossip/gossip.go:478  [n1] gossip status (ok, 3 nodes)
gossip client (0/3 cur/max conns)
gossip server (2/3 cur/max conns, infos 3308/120 sent/received, bytes 691796B/36944B sent/received)
  2: e9f72869192a:26257 (7m57s)
  3: f3722e8adf37:26257 (7m56s)
I171204 22:38:26.455474 230 server/status/runtime.go:223  [n1] runtime stats: 188 MiB RSS, 196 goroutines, 18 MiB/16 MiB/46 MiB GO alloc/idle/total, 29 MiB/40 MiB CGO alloc/total, 71.90cgo/sec, 0.02/0.00 %(u/s)time, 0.00 %gc (1x)
I171204 22:38:36.454933 230 server/status/runtime.go:223  [n1] runtime stats: 189 MiB RSS, 195 goroutines, 15 MiB/19 MiB/46 MiB GO alloc/idle/total, 29 MiB/40 MiB CGO alloc/total, 88.20cgo/sec, 0.02/0.01 %(u/s)time, 0.00 %gc (2x)
I171204 22:38:46.454786 230 server/status/runtime.go:223  [n1] runtime stats: 189 MiB RSS, 195 goroutines, 20 MiB/14 MiB/46 MiB GO alloc/idle/total, 29 MiB/40 MiB CGO alloc/total, 76.10cgo/sec, 0.02/0.00 %(u/s)time, 0.00 %gc (1x)
I171204 22:38:56.454922 230 server/status/runtime.go:223  [n1] runtime stats: 190 MiB RSS, 195 goroutines, 19 MiB/16 MiB/46 MiB GO alloc/idle/total, 29 MiB/40 MiB CGO alloc/total, 77.80cgo/sec, 0.02/0.00 %(u/s)time, 0.00 %gc (2x)
I171204 22:39:06.454578 230 server/status/runtime.go:223  [n1] runtime stats: 190 MiB RSS, 195 goroutines, 14 MiB/20 MiB/46 MiB GO alloc/idle/total, 29 MiB/40 MiB CGO alloc/total, 76.00cgo/sec, 0.02/0.01 %(u/s)time, 0.00 %gc (2x)
I171204 22:39:16.455669 230 server/status/runtime.go:223  [n1] runtime stats: 191 MiB RSS, 195 goroutines, 22 MiB/12 MiB/46 MiB GO alloc/idle/total, 29 MiB/40 MiB CGO alloc/total, 83.09cgo/sec, 0.02/0.00 %(u/s)time, 0.00 %gc (1x)
I171204 22:39:26.453913 228 gossip/gossip.go:478  [n1] gossip status (ok, 3 nodes)
gossip client (0/3 cur/max conns)
gossip server (2/3 cur/max conns, infos 3705/124 sent/received, bytes 738285B/37944B sent/received)
  2: e9f72869192a:26257 (8m57s)
  3: f3722e8adf37:26257 (8m56s)
I171204 22:39:26.454647 230 server/status/runtime.go:223  [n1] runtime stats: 191 MiB RSS, 196 goroutines, 19 MiB/15 MiB/46 MiB GO alloc/idle/total, 29 MiB/40 MiB CGO alloc/total, 74.20cgo/sec, 0.02/0.01 %(u/s)time, 0.00 %gc (2x)
I171204 22:39:36.454553 230 server/status/runtime.go:223  [n1] runtime stats: 191 MiB RSS, 195 goroutines, 15 MiB/18 MiB/46 MiB GO alloc/idle/total, 29 MiB/40 MiB CGO alloc/total, 87.60cgo/sec, 0.03/0.00 %(u/s)time, 0.00 %gc (2x)
I171204 22:39:46.454518 230 server/status/runtime.go:223  [n1] runtime stats: 192 MiB RSS, 195 goroutines, 22 MiB/12 MiB/46 MiB GO alloc/idle/total, 29 MiB/40 MiB CGO alloc/total, 62.80cgo/sec, 0.02/0.00 %(u/s)time, 0.00 %gc (1x)
I171204 22:39:56.454506 230 server/status/runtime.go:223  [n1] runtime stats: 192 MiB RSS, 195 goroutines, 19 MiB/16 MiB/46 MiB GO alloc/idle/total, 29 MiB/40 MiB CGO alloc/total, 71.60cgo/sec, 0.02/0.00 %(u/s)time, 0.00 %gc (2x)
I171204 22:40:06.454645 230 server/status/runtime.go:223  [n1] runtime stats: 193 MiB RSS, 195 goroutines, 16 MiB/18 MiB/46 MiB GO alloc/idle/total, 37 MiB/48 MiB CGO alloc/total, 87.50cgo/sec, 0.03/0.00 %(u/s)time, 0.00 %gc (2x)
I171204 22:40:16.454503 230 server/status/runtime.go:223  [n1] runtime stats: 193 MiB RSS, 195 goroutines, 22 MiB/12 MiB/46 MiB GO alloc/idle/total, 37 MiB/48 MiB CGO alloc/total, 80.50cgo/sec, 0.02/0.01 %(u/s)time, 0.00 %gc (1x)
I171204 22:40:26.453932 228 gossip/gossip.go:478  [n1] gossip status (ok, 3 nodes)
gossip client (0/3 cur/max conns)
gossip server (2/3 cur/max conns, infos 4079/128 sent/received, bytes 782157B/38944B sent/received)
  2: e9f72869192a:26257 (9m57s)
  3: f3722e8adf37:26257 (9m56s)
I171204 22:40:26.454808 230 server/status/runtime.go:223  [n1] runtime stats: 193 MiB RSS, 196 goroutines, 17 MiB/17 MiB/46 MiB GO alloc/idle/total, 37 MiB/48 MiB CGO alloc/total, 69.60cgo/sec, 0.02/0.00 %(u/s)time, 0.00 %gc (2x)
I171204 22:40:36.455464 227 storage/store.go:4174  [n1,s1] sstables (read amplification = 0):
I171204 22:40:36.455553 230 server/status/runtime.go:223  [n1] runtime stats: 194 MiB RSS, 195 goroutines, 17 MiB/17 MiB/46 MiB GO alloc/idle/total, 37 MiB/48 MiB CGO alloc/total, 85.70cgo/sec, 0.03/0.00 %(u/s)time, 0.00 %gc (2x)
I171204 22:40:36.455597 227 storage/store.go:4175  [n1,s1] 
** Compaction Stats [default] **
Level    Files   Size     Score Read(GB)  Rn(GB) Rnp1(GB) Write(GB) Wnew(GB) Moved(GB) W-Amp Rd(MB/s) Wr(MB/s) Comp(sec) Comp(cnt) Avg(sec) KeyIn KeyDrop
----------------------------------------------------------------------------------------------------------------------------------------------------------
 Sum      0/0    0.00 KB   0.0      0.0     0.0      0.0       0.0      0.0       0.0   0.0      0.0      0.0         0         0    0.000       0      0
 Int      0/0    0.00 KB   0.0      0.0     0.0      0.0       0.0      0.0       0.0   0.0      0.0      0.0         0         0    0.000       0      0
Uptime(secs): 612.1 total, 612.1 interval
Flush(GB): cumulative 0.000, interval 0.000
AddFile(GB): cumulative 0.000, interval 0.000
AddFile(Total Files): cumulative 0, interval 0
AddFile(L0 Files): cumulative 0, interval 0
AddFile(Keys): cumulative 0, interval 0
Cumulative compaction: 0.00 GB write, 0.00 MB/s write, 0.00 GB read, 0.00 MB/s read, 0.0 seconds
Interval compaction: 0.00 GB write, 0.00 MB/s write, 0.00 GB read, 0.00 MB/s read, 0.0 seconds
Stalls(count): 0 level0_slowdown, 0 level0_slowdown_with_compaction, 0 level0_numfiles, 0 level0_numfiles_with_compaction, 0 stop for pending_compaction_bytes, 0 slowdown for pending_compaction_bytes, 0 memtable_compaction, 0 memtable_slowdown, interval 0 total count
I171204 22:40:46.454572 230 server/status/runtime.go:223  [n1] runtime stats: 195 MiB RSS, 195 goroutines, 14 MiB/20 MiB/46 MiB GO alloc/idle/total, 37 MiB/48 MiB CGO alloc/total, 72.70cgo/sec, 0.02/0.00 %(u/s)time, 0.00 %gc (2x)
I171204 22:40:56.454551 230 server/status/runtime.go:223  [n1] runtime stats: 195 MiB RSS, 195 goroutines, 21 MiB/14 MiB/46 MiB GO alloc/idle/total, 37 MiB/48 MiB CGO alloc/total, 77.50cgo/sec, 0.03/0.00 %(u/s)time, 0.00 %gc (1x)
I171204 22:41:06.454511 230 server/status/runtime.go:223  [n1] runtime stats: 195 MiB RSS, 195 goroutines, 20 MiB/14 MiB/46 MiB GO alloc/idle/total, 37 MiB/48 MiB CGO alloc/total, 83.60cgo/sec, 0.02/0.00 %(u/s)time, 0.00 %gc (2x)
I171204 22:41:16.455126 230 server/status/runtime.go:223  [n1] runtime stats: 195 MiB RSS, 195 goroutines, 17 MiB/17 MiB/46 MiB GO alloc/idle/total, 37 MiB/48 MiB CGO alloc/total, 74.60cgo/sec, 0.03/0.00 %(u/s)time, 0.00 %gc (2x)
I171204 22:41:26.453905 228 gossip/gossip.go:478  [n1] gossip status (ok, 3 nodes)
gossip client (0/3 cur/max conns)
gossip server (2/3 cur/max conns, infos 4467/132 sent/received, bytes 827617B/39944B sent/received)
  2: e9f72869192a:26257 (10m57s)
  3: f3722e8adf37:26257 (10m56s)
I171204 22:41:26.454533 230 server/status/runtime.go:223  [n1] runtime stats: 196 MiB RSS, 197 goroutines, 23 MiB/12 MiB/46 MiB GO alloc/idle/total, 37 MiB/48 MiB CGO alloc/total, 84.71cgo/sec, 0.02/0.00 %(u/s)time, 0.00 %gc (1x)
I171204 22:41:36.454491 230 server/status/runtime.go:223  [n1] runtime stats: 196 MiB RSS, 195 goroutines, 23 MiB/12 MiB/46 MiB GO alloc/idle/total, 37 MiB/48 MiB CGO alloc/total, 78.10cgo/sec, 0.02/0.00 %(u/s)time, 0.00 %gc (1x)
I171204 22:41:46.454466 230 server/status/runtime.go:223  [n1] runtime stats: 198 MiB RSS, 196 goroutines, 13 MiB/21 MiB/46 MiB GO alloc/idle/total, 37 MiB/48 MiB CGO alloc/total, 66.60cgo/sec, 0.01/0.00 %(u/s)time, 0.00 %gc (2x)
I171204 22:41:56.454845 230 server/status/runtime.go:223  [n1] runtime stats: 198 MiB RSS, 195 goroutines, 15 MiB/19 MiB/46 MiB GO alloc/idle/total, 37 MiB/48 MiB CGO alloc/total, 67.00cgo/sec, 0.01/0.00 %(u/s)time, 0.00 %gc (1x)
I171204 22:42:06.454738 230 server/status/runtime.go:223  [n1] runtime stats: 198 MiB RSS, 195 goroutines, 16 MiB/18 MiB/46 MiB GO alloc/idle/total, 37 MiB/48 MiB CGO alloc/total, 73.70cgo/sec, 0.01/0.00 %(u/s)time, 0.00 %gc (1x)
I171204 22:42:16.454701 230 server/status/runtime.go:223  [n1] runtime stats: 198 MiB RSS, 195 goroutines, 16 MiB/18 MiB/46 MiB GO alloc/idle/total, 37 MiB/48 MiB CGO alloc/total, 69.70cgo/sec, 0.01/0.00 %(u/s)time, 0.00 %gc (1x)
I171204 22:42:26.454297 228 gossip/gossip.go:478  [n1] gossip status (ok, 3 nodes)
gossip client (0/3 cur/max conns)
gossip server (2/3 cur/max conns, infos 4864/136 sent/received, bytes 874106B/40944B sent/received)
  2: e9f72869192a:26257 (11m57s)
  3: f3722e8adf37:26257 (11m56s)
I171204 22:42:26.455232 230 server/status/runtime.go:223  [n1] runtime stats: 198 MiB RSS, 197 goroutines, 16 MiB/18 MiB/46 MiB GO alloc/idle/total, 37 MiB/48 MiB CGO alloc/total, 58.80cgo/sec, 0.01/0.00 %(u/s)time, 0.00 %gc (1x)
I171204 22:42:36.455030 230 server/status/runtime.go:223  [n1] runtime stats: 200 MiB RSS, 195 goroutines, 18 MiB/16 MiB/46 MiB GO alloc/idle/total, 37 MiB/48 MiB CGO alloc/total, 75.10cgo/sec, 0.01/0.01 %(u/s)time, 0.00 %gc (1x)
I171204 22:42:46.454824 230 server/status/runtime.go:223  [n1] runtime stats: 200 MiB RSS, 195 goroutines, 18 MiB/16 MiB/46 MiB GO alloc/idle/total, 37 MiB/48 MiB CGO alloc/total, 64.80cgo/sec, 0.01/0.00 %(u/s)time, 0.00 %gc (1x)
I171204 22:42:56.454809 230 server/status/runtime.go:223  [n1] runtime stats: 200 MiB RSS, 195 goroutines, 20 MiB/14 MiB/46 MiB GO alloc/idle/total, 37 MiB/48 MiB CGO alloc/total, 64.30cgo/sec, 0.01/0.00 %(u/s)time, 0.00 %gc (1x)
I171204 22:43:06.454863 230 server/status/runtime.go:223  [n1] runtime stats: 200 MiB RSS, 195 goroutines, 20 MiB/15 MiB/46 MiB GO alloc/idle/total, 37 MiB/48 MiB CGO alloc/total, 70.50cgo/sec, 0.01/0.01 %(u/s)time, 0.00 %gc (1x)
I171204 22:43:16.454440 230 server/status/runtime.go:223  [n1] runtime stats: 200 MiB RSS, 195 goroutines, 19 MiB/15 MiB/46 MiB GO alloc/idle/total, 37 MiB/48 MiB CGO alloc/total, 69.30cgo/sec, 0.01/0.00 %(u/s)time, 0.00 %gc (1x)
I171204 22:43:26.453885 228 gossip/gossip.go:478  [n1] gossip status (ok, 3 nodes)
gossip client (0/3 cur/max conns)
gossip server (2/3 cur/max conns, infos 5238/140 sent/received, bytes 917978B/41944B sent/received)
  2: e9f72869192a:26257 (12m57s)
  3: f3722e8adf37:26257 (12m56s)
I171204 22:43:26.454441 230 server/status/runtime.go:223  [n1] runtime stats: 201 MiB RSS, 196 goroutines, 20 MiB/14 MiB/46 MiB GO alloc/idle/total, 45 MiB/56 MiB CGO alloc/total, 66.10cgo/sec, 0.01/0.00 %(u/s)time, 0.00 %gc (1x)
I171204 22:43:36.454643 230 server/status/runtime.go:223  [n1] runtime stats: 201 MiB RSS, 195 goroutines, 20 MiB/14 MiB/46 MiB GO alloc/idle/total, 45 MiB/56 MiB CGO alloc/total, 67.40cgo/sec, 0.01/0.00 %(u/s)time, 0.00 %gc (1x)
W171204 22:43:37.317875 784 storage/raft_transport.go:461  [n1] raft transport stream to node 2 failed: EOF
I171204 22:43:37.322146 178 storage/replica_proposal.go:453  [n1,s1,r31/1:/{Table/51-Max}] new range lease repl=(n1,s1):1 start=1512427417.289638223,0 epo=1 pro=1512427417.289639848,0 following repl=(n2,s2):2 start=1512426692.648450160,0 epo=1 pro=1512426692.648456115,0
I171204 22:43:37.322235 137 storage/replica_proposal.go:453  [n1,s1,r9/1:/Table/1{2-3}] new range lease repl=(n1,s1):1 start=1512427417.289685143,0 epo=1 pro=1512427417.289688830,0 following repl=(n2,s2):2 start=1512426635.451733895,1 epo=1 pro=1512426653.721996368,0
I171204 22:43:37.322303 138 storage/replica_proposal.go:453  [n1,s1,r4/1:/System/{NodeLive…-tsd}] new range lease repl=(n1,s1):1 start=1512427417.289594465,0 epo=1 pro=1512427417.289597500,0 following repl=(n2,s2):2 start=1512426635.451733895,1 epo=1 pro=1512426635.540752377,0
I171204 22:43:37.333165 184 storage/replica_proposal.go:453  [n1,s1,r14/1:/Table/1{7-8}] new range lease repl=(n1,s1):1 start=1512427417.295356104,0 epo=1 pro=1512427417.295437537,0 following repl=(n3,s3):3 start=1512426687.436569334,0 epo=1 pro=1512426687.436571962,0
W171204 22:43:37.333253 994 storage/raft_transport.go:461  [n1] raft transport stream to node 3 failed: EOF
I171204 22:43:37.714603 814 vendor/google.golang.org/grpc/grpclog/grpclog.go:60  transport: http2Client.notifyError got notified that the client transport was broken EOF.
I171204 22:43:37.715298 817 vendor/google.golang.org/grpc/grpclog/grpclog.go:75  grpc: addrConn.resetTransport failed to create client transport: connection error: desc = "transport: Error while dialing dial tcp 172.19.0.4:26257: getsockopt: connection refused"; Reconnecting to {f3722e8adf37:26257 <nil>}
I171204 22:43:37.731223 686 vendor/google.golang.org/grpc/grpclog/grpclog.go:60  transport: http2Client.notifyError got notified that the client transport was broken EOF.
I171204 22:43:37.731802 689 vendor/google.golang.org/grpc/grpclog/grpclog.go:75  grpc: addrConn.resetTransport failed to create client transport: connection error: desc = "transport: Error while dialing dial tcp 172.19.0.3:26257: getsockopt: connection refused"; Reconnecting to {e9f72869192a:26257 <nil>}
I171204 22:43:38.969322 1 cli/start.go:617  received signal 'terminated'
I171204 22:43:38.974994 1 cli/start.go:644  initiating graceful shutdown of server
W171204 22:43:40.711828 9440 storage/replica.go:2696  [n1,s1,r3/1:/System/NodeLiveness{-Max}] context cancellation after 2.2s of attempting command [txn: ee491011], BeginTransaction [/System/NodeLiveness/1,/Min), ConditionalPut [/System/NodeLiveness/1,/Min), EndTransaction [/System/NodeLiveness/1,/Min)
W171204 22:43:41.012049 278 storage/node_liveness.go:399  [n1,hb] slow heartbeat took 2.6s
W171204 22:43:41.020582 278 storage/node_liveness.go:342  [n1,hb] failed node liveness heartbeat: context deadline exceeded
W171204 22:43:41.851971 131 vendor/github.com/coreos/etcd/raft/raft.go:825  [n1,s1,r3/1:/System/NodeLiveness{-Max}] 1 stepped down to follower since quorum is not active
W171204 22:43:42.051971 172 vendor/github.com/coreos/etcd/raft/raft.go:825  [n1,s1,r8/1:/Table/1{1-2}] 1 stepped down to follower since quorum is not active
I171204 22:43:43.980363 10250 cli/start.go:653  6 running tasks
W171204 22:43:44.251938 132 vendor/github.com/coreos/etcd/raft/raft.go:825  [n1,s1,r5/1:/System/ts{d-e}] 1 stepped down to follower since quorum is not active
W171204 22:43:45.212086 10323 storage/replica.go:2141  [n1,s1,r3/1:/System/NodeLiveness{-Max}] context deadline exceeded while in command queue: [txn: c79024a9], BeginTransaction [/System/NodeLiveness/1,/Min), ConditionalPut [/System/NodeLiveness/1,/Min), EndTransaction [/System/NodeLiveness/1,/Min)
W171204 22:43:45.218010 278 storage/node_liveness.go:399  [n1,hb] slow heartbeat took 2.3s
W171204 22:43:45.223278 278 storage/node_liveness.go:342  [n1,hb] failed node liveness heartbeat: context deadline exceeded
I171204 22:43:46.454570 230 server/status/runtime.go:223  [n1] runtime stats: 201 MiB RSS, 170 goroutines, 17 MiB/18 MiB/46 MiB GO alloc/idle/total, 45 MiB/56 MiB CGO alloc/total, 70.60cgo/sec, 0.01/0.00 %(u/s)time, 0.00 %gc (1x)
